<?xml version="1.0" encoding="UTF-8"?>
<coverage generated="1726107791797" clover="3.2.0">
  <project timestamp="1726107791797" name="All files">
    <metrics statements="191" coveredstatements="171" conditionals="71" coveredconditionals="66" methods="42" coveredmethods="42" elements="304" coveredelements="279" complexity="0" loc="191" ncloc="191" packages="1" files="2" classes="2"/>
    <file name="mockDatabase.mjs" path="C:\Users\Eloy\Desktop\CURSOS\DevelHope\FullStack\sharedFolder\FS-ESP10-Team2-Project3\my-react-app\src\data_base\mockDatabase.mjs">
      <metrics statements="186" coveredstatements="166" conditionals="71" coveredconditionals="66" methods="42" coveredmethods="42"/>
      <line num="15" count="1" type="stmt"/>
      <line num="16" count="1" type="stmt"/>
      <line num="43" count="31" type="stmt"/>
      <line num="56" count="1" type="cond" truecount="1" falsecount="0"/>
      <line num="57" count="12" type="stmt"/>
      <line num="60" count="12" type="stmt"/>
      <line num="61" count="37" type="cond" truecount="2" falsecount="0"/>
      <line num="62" count="2" type="stmt"/>
      <line num="67" count="12" type="stmt"/>
      <line num="68" count="37" type="stmt"/>
      <line num="69" count="37" type="stmt"/>
      <line num="71" count="37" type="cond" truecount="2" falsecount="0"/>
      <line num="77" count="7" type="stmt"/>
      <line num="81" count="12" type="cond" truecount="2" falsecount="0"/>
      <line num="82" count="6" type="stmt"/>
      <line num="88" count="6" type="stmt"/>
      <line num="105" count="1" type="stmt"/>
      <line num="106" count="7" type="stmt"/>
      <line num="107" count="7" type="stmt"/>
      <line num="115" count="1" type="stmt"/>
      <line num="116" count="6" type="stmt"/>
      <line num="117" count="6" type="cond" truecount="2" falsecount="0"/>
      <line num="118" count="1" type="stmt"/>
      <line num="124" count="5" type="stmt"/>
      <line num="125" count="4" type="stmt"/>
      <line num="126" count="4" type="stmt"/>
      <line num="129" count="4" type="cond" truecount="2" falsecount="0"/>
      <line num="130" count="1" type="stmt"/>
      <line num="136" count="3" type="stmt"/>
      <line num="137" count="3" type="stmt"/>
      <line num="140" count="3" type="cond" truecount="2" falsecount="0"/>
      <line num="141" count="1" type="stmt"/>
      <line num="148" count="2" type="stmt"/>
      <line num="149" count="2" type="stmt"/>
      <line num="151" count="2" type="stmt"/>
      <line num="152" count="2" type="stmt"/>
      <line num="153" count="2" type="stmt"/>
      <line num="155" count="6" type="stmt"/>
      <line num="158" count="2" type="stmt"/>
      <line num="166" count="2" type="stmt"/>
      <line num="172" count="1" type="stmt"/>
      <line num="196" count="1" type="stmt"/>
      <line num="197" count="6" type="stmt"/>
      <line num="198" count="33" type="cond" truecount="2" falsecount="0"/>
      <line num="199" count="6" type="cond" truecount="2" falsecount="0"/>
      <line num="200" count="3" type="stmt"/>
      <line num="207" count="3" type="cond" truecount="2" falsecount="0"/>
      <line num="208" count="2" type="stmt"/>
      <line num="214" count="1" type="stmt"/>
      <line num="220" count="0" type="stmt"/>
      <line num="231" count="1" type="stmt"/>
      <line num="232" count="1" type="stmt"/>
      <line num="233" count="1" type="stmt"/>
      <line num="239" count="0" type="stmt"/>
      <line num="251" count="1" type="stmt"/>
      <line num="252" count="5" type="stmt"/>
      <line num="253" count="11" type="cond" truecount="2" falsecount="0"/>
      <line num="254" count="5" type="cond" truecount="2" falsecount="0"/>
      <line num="262" count="0" type="stmt"/>
      <line num="269" count="1" type="stmt"/>
      <line num="295" count="1" type="stmt"/>
      <line num="296" count="8" type="stmt"/>
      <line num="298" count="8" type="stmt"/>
      <line num="303" count="8" type="cond" truecount="2" falsecount="0"/>
      <line num="304" count="5" type="stmt"/>
      <line num="308" count="3" type="stmt"/>
      <line num="309" count="15" type="stmt"/>
      <line num="311" count="3" type="cond" truecount="2" falsecount="0"/>
      <line num="312" count="1" type="stmt"/>
      <line num="319" count="2" type="stmt"/>
      <line num="320" count="2" type="stmt"/>
      <line num="321" count="2" type="stmt"/>
      <line num="323" count="2" type="stmt"/>
      <line num="329" count="0" type="stmt"/>
      <line num="342" count="1" type="stmt"/>
      <line num="343" count="2" type="stmt"/>
      <line num="344" count="7" type="stmt"/>
      <line num="345" count="2" type="cond" truecount="2" falsecount="0"/>
      <line num="346" count="1" type="stmt"/>
      <line num="347" count="1" type="stmt"/>
      <line num="353" count="1" type="stmt"/>
      <line num="355" count="0" type="stmt"/>
      <line num="367" count="1" type="stmt"/>
      <line num="368" count="2" type="stmt"/>
      <line num="369" count="6" type="stmt"/>
      <line num="370" count="2" type="cond" truecount="2" falsecount="0"/>
      <line num="371" count="1" type="stmt"/>
      <line num="372" count="1" type="stmt"/>
      <line num="378" count="1" type="stmt"/>
      <line num="380" count="0" type="stmt"/>
      <line num="403" count="1" type="stmt"/>
      <line num="404" count="1" type="stmt"/>
      <line num="405" count="1" type="stmt"/>
      <line num="411" count="0" type="stmt"/>
      <line num="423" count="1" type="stmt"/>
      <line num="424" count="2" type="stmt"/>
      <line num="425" count="2" type="stmt"/>
      <line num="426" count="5" type="stmt"/>
      <line num="428" count="2" type="cond" truecount="2" falsecount="0"/>
      <line num="439" count="0" type="stmt"/>
      <line num="452" count="1" type="stmt"/>
      <line num="453" count="2" type="stmt"/>
      <line num="454" count="2" type="stmt"/>
      <line num="455" count="5" type="stmt"/>
      <line num="457" count="2" type="cond" truecount="2" falsecount="0"/>
      <line num="458" count="1" type="stmt"/>
      <line num="462" count="1" type="stmt"/>
      <line num="468" count="1" type="stmt"/>
      <line num="473" count="0" type="stmt"/>
      <line num="493" count="1" type="stmt"/>
      <line num="494" count="1" type="stmt"/>
      <line num="495" count="1" type="stmt"/>
      <line num="501" count="0" type="stmt"/>
      <line num="513" count="1" type="stmt"/>
      <line num="514" count="2" type="stmt"/>
      <line num="515" count="5" type="stmt"/>
      <line num="516" count="2" type="cond" truecount="2" falsecount="0"/>
      <line num="527" count="0" type="stmt"/>
      <line num="540" count="1" type="stmt"/>
      <line num="541" count="2" type="stmt"/>
      <line num="542" count="2" type="stmt"/>
      <line num="543" count="5" type="stmt"/>
      <line num="545" count="2" type="cond" truecount="2" falsecount="0"/>
      <line num="546" count="1" type="stmt"/>
      <line num="550" count="1" type="stmt"/>
      <line num="556" count="1" type="stmt"/>
      <line num="561" count="0" type="stmt"/>
      <line num="577" count="1" type="stmt"/>
      <line num="578" count="1" type="stmt"/>
      <line num="579" count="1" type="stmt"/>
      <line num="585" count="0" type="stmt"/>
      <line num="597" count="1" type="stmt"/>
      <line num="598" count="2" type="stmt"/>
      <line num="599" count="2" type="stmt"/>
      <line num="600" count="5" type="stmt"/>
      <line num="602" count="2" type="cond" truecount="2" falsecount="0"/>
      <line num="613" count="0" type="stmt"/>
      <line num="626" count="1" type="stmt"/>
      <line num="627" count="2" type="stmt"/>
      <line num="628" count="2" type="stmt"/>
      <line num="629" count="5" type="stmt"/>
      <line num="631" count="2" type="cond" truecount="2" falsecount="0"/>
      <line num="632" count="1" type="stmt"/>
      <line num="636" count="1" type="stmt"/>
      <line num="642" count="1" type="stmt"/>
      <line num="647" count="0" type="stmt"/>
      <line num="667" count="1" type="stmt"/>
      <line num="668" count="1" type="stmt"/>
      <line num="669" count="1" type="stmt"/>
      <line num="675" count="0" type="stmt"/>
      <line num="687" count="1" type="stmt"/>
      <line num="688" count="2" type="stmt"/>
      <line num="689" count="8" type="stmt"/>
      <line num="690" count="2" type="cond" truecount="2" falsecount="0"/>
      <line num="698" count="0" type="stmt"/>
      <line num="710" count="1" type="stmt"/>
      <line num="711" count="3" type="stmt"/>
      <line num="713" count="3" type="stmt"/>
      <line num="719" count="3" type="cond" truecount="2" falsecount="0"/>
      <line num="721" count="2" type="stmt"/>
      <line num="722" count="2" type="stmt"/>
      <line num="723" count="2" type="stmt"/>
      <line num="725" count="2" type="stmt"/>
      <line num="731" count="0" type="stmt"/>
      <line num="744" count="1" type="stmt"/>
      <line num="745" count="3" type="stmt"/>
      <line num="746" count="3" type="cond" truecount="2" falsecount="0"/>
      <line num="747" count="1" type="stmt"/>
      <line num="753" count="9" type="stmt"/>
      <line num="755" count="2" type="cond" truecount="2" falsecount="0"/>
      <line num="756" count="1" type="stmt"/>
      <line num="760" count="1" type="stmt"/>
      <line num="761" count="1" type="cond" truecount="1" falsecount="1"/>
      <line num="764" count="1" type="stmt"/>
      <line num="766" count="1" type="stmt"/>
      <line num="772" count="0" type="stmt"/>
      <line num="784" count="1" type="stmt"/>
      <line num="785" count="3" type="stmt"/>
      <line num="786" count="3" type="cond" truecount="4" falsecount="0"/>
      <line num="787" count="1" type="stmt"/>
      <line num="793" count="8" type="stmt"/>
      <line num="794" count="2" type="cond" truecount="2" falsecount="0"/>
      <line num="795" count="1" type="stmt"/>
      <line num="796" count="1" type="stmt"/>
      <line num="802" count="1" type="stmt"/>
      <line num="804" count="0" type="stmt"/>
    </file>
    <file name="mockTables.mjs" path="C:\Users\Eloy\Desktop\CURSOS\DevelHope\FullStack\sharedFolder\FS-ESP10-Team2-Project3\my-react-app\src\data_base\mockTables.mjs">
      <metrics statements="5" coveredstatements="5" conditionals="0" coveredconditionals="0" methods="0" coveredmethods="0"/>
      <line num="2" count="1" type="stmt"/>
      <line num="30" count="1" type="stmt"/>
      <line num="58" count="1" type="stmt"/>
      <line num="82" count="1" type="stmt"/>
      <line num="110" count="1" type="stmt"/>
    </file>
  </project>
</coverage>
