<?xml version="1.0" encoding="UTF-8"?>
<coverage generated="1726227808327" clover="3.2.0">
  <project timestamp="1726227808328" name="All files">
    <metrics statements="254" coveredstatements="230" conditionals="114" coveredconditionals="91" methods="46" coveredmethods="46" elements="414" coveredelements="367" complexity="0" loc="254" ncloc="254" packages="1" files="2" classes="2"/>
    <file name="mockDatabase.mjs" path="C:\Users\Eloy\Desktop\CURSOS\DevelHope\FullStack\sharedFolder\FS-ESP10-Team2-Project3\my-react-app\src\data_base\mockDatabase.mjs">
      <metrics statements="221" coveredstatements="197" conditionals="111" coveredconditionals="90" methods="42" coveredmethods="42"/>
      <line num="19" count="1" type="stmt"/>
      <line num="20" count="1" type="stmt"/>
      <line num="47" count="38" type="stmt"/>
      <line num="60" count="1" type="cond" truecount="1" falsecount="0"/>
      <line num="61" count="22" type="stmt"/>
      <line num="64" count="22" type="stmt"/>
      <line num="65" count="61" type="cond" truecount="2" falsecount="0"/>
      <line num="66" count="5" type="stmt"/>
      <line num="71" count="22" type="stmt"/>
      <line num="72" count="61" type="stmt"/>
      <line num="73" count="61" type="stmt"/>
      <line num="75" count="61" type="cond" truecount="2" falsecount="0"/>
      <line num="81" count="8" type="stmt"/>
      <line num="85" count="22" type="cond" truecount="2" falsecount="0"/>
      <line num="86" count="9" type="stmt"/>
      <line num="92" count="13" type="stmt"/>
      <line num="109" count="1" type="stmt"/>
      <line num="110" count="7" type="stmt"/>
      <line num="111" count="7" type="stmt"/>
      <line num="119" count="1" type="stmt"/>
      <line num="120" count="6" type="stmt"/>
      <line num="121" count="6" type="cond" truecount="2" falsecount="0"/>
      <line num="122" count="1" type="stmt"/>
      <line num="128" count="5" type="stmt"/>
      <line num="129" count="4" type="stmt"/>
      <line num="130" count="4" type="stmt"/>
      <line num="133" count="4" type="cond" truecount="2" falsecount="0"/>
      <line num="134" count="1" type="stmt"/>
      <line num="140" count="3" type="stmt"/>
      <line num="141" count="3" type="stmt"/>
      <line num="144" count="3" type="cond" truecount="2" falsecount="0"/>
      <line num="145" count="1" type="stmt"/>
      <line num="152" count="2" type="stmt"/>
      <line num="153" count="2" type="stmt"/>
      <line num="155" count="2" type="stmt"/>
      <line num="156" count="2" type="stmt"/>
      <line num="157" count="2" type="stmt"/>
      <line num="159" count="6" type="stmt"/>
      <line num="162" count="2" type="stmt"/>
      <line num="170" count="2" type="stmt"/>
      <line num="176" count="1" type="stmt"/>
      <line num="200" count="1" type="stmt"/>
      <line num="201" count="7" type="stmt"/>
      <line num="202" count="33" type="cond" truecount="2" falsecount="0"/>
      <line num="203" count="6" type="cond" truecount="2" falsecount="0"/>
      <line num="204" count="3" type="stmt"/>
      <line num="211" count="3" type="cond" truecount="2" falsecount="0"/>
      <line num="212" count="2" type="stmt"/>
      <line num="218" count="1" type="stmt"/>
      <line num="224" count="1" type="stmt"/>
      <line num="235" count="1" type="stmt"/>
      <line num="236" count="2" type="stmt"/>
      <line num="237" count="2" type="stmt"/>
      <line num="243" count="0" type="stmt"/>
      <line num="255" count="1" type="stmt"/>
      <line num="256" count="6" type="stmt"/>
      <line num="257" count="11" type="cond" truecount="2" falsecount="0"/>
      <line num="258" count="5" type="cond" truecount="2" falsecount="0"/>
      <line num="266" count="1" type="stmt"/>
      <line num="273" count="1" type="stmt"/>
      <line num="347" count="1" type="stmt"/>
      <line num="348" count="11" type="stmt"/>
      <line num="350" count="11" type="stmt"/>
      <line num="355" count="11" type="cond" truecount="2" falsecount="0"/>
      <line num="358" count="6" type="stmt"/>
      <line num="359" count="38" type="stmt"/>
      <line num="361" count="6" type="cond" truecount="2" falsecount="0"/>
      <line num="362" count="1" type="stmt"/>
      <line num="369" count="5" type="stmt"/>
      <line num="372" count="5" type="stmt"/>
      <line num="378" count="5" type="stmt"/>
      <line num="381" count="4" type="stmt"/>
      <line num="386" count="4" type="cond" truecount="2" falsecount="0"/>
      <line num="388" count="2" type="stmt"/>
      <line num="394" count="2" type="stmt"/>
      <line num="397" count="2" type="stmt"/>
      <line num="402" count="2" type="cond" truecount="2" falsecount="0"/>
      <line num="404" count="1" type="stmt"/>
      <line num="409" count="1" type="stmt"/>
      <line num="412" count="1" type="stmt"/>
      <line num="417" count="1" type="cond" truecount="1" falsecount="1"/>
      <line num="419" count="1" type="stmt"/>
      <line num="425" count="1" type="stmt"/>
      <line num="428" count="1" type="stmt"/>
      <line num="431" count="1" type="stmt"/>
      <line num="443" count="1" type="stmt"/>
      <line num="456" count="1" type="stmt"/>
      <line num="457" count="3" type="stmt"/>
      <line num="458" count="9" type="stmt"/>
      <line num="459" count="2" type="cond" truecount="2" falsecount="0"/>
      <line num="460" count="1" type="stmt"/>
      <line num="463" count="1" type="stmt"/>
      <line num="465" count="1" type="stmt"/>
      <line num="471" count="1" type="stmt"/>
      <line num="473" count="1" type="stmt"/>
      <line num="485" count="1" type="stmt"/>
      <line num="486" count="3" type="stmt"/>
      <line num="487" count="16" type="stmt"/>
      <line num="488" count="3" type="cond" truecount="2" falsecount="0"/>
      <line num="489" count="2" type="stmt"/>
      <line num="492" count="1" type="stmt"/>
      <line num="494" count="1" type="stmt"/>
      <line num="500" count="1" type="stmt"/>
      <line num="502" count="1" type="stmt"/>
      <line num="525" count="1" type="stmt"/>
      <line num="526" count="1" type="stmt"/>
      <line num="527" count="1" type="stmt"/>
      <line num="533" count="0" type="stmt"/>
      <line num="545" count="1" type="stmt"/>
      <line num="546" count="2" type="stmt"/>
      <line num="547" count="2" type="stmt"/>
      <line num="548" count="7" type="stmt"/>
      <line num="550" count="2" type="cond" truecount="2" falsecount="0"/>
      <line num="561" count="0" type="stmt"/>
      <line num="574" count="1" type="stmt"/>
      <line num="575" count="2" type="stmt"/>
      <line num="577" count="2" type="cond" truecount="1" falsecount="1"/>
      <line num="578" count="0" type="stmt"/>
      <line num="584" count="2" type="stmt"/>
      <line num="585" count="7" type="stmt"/>
      <line num="588" count="2" type="cond" truecount="2" falsecount="0"/>
      <line num="590" count="1" type="stmt"/>
      <line num="596" count="1" type="stmt"/>
      <line num="598" count="1" type="stmt"/>
      <line num="605" count="1" type="stmt"/>
      <line num="610" count="0" type="stmt"/>
      <line num="630" count="1" type="stmt"/>
      <line num="631" count="1" type="stmt"/>
      <line num="632" count="1" type="stmt"/>
      <line num="638" count="0" type="stmt"/>
      <line num="650" count="1" type="stmt"/>
      <line num="651" count="2" type="stmt"/>
      <line num="652" count="6" type="stmt"/>
      <line num="653" count="2" type="cond" truecount="2" falsecount="0"/>
      <line num="664" count="0" type="stmt"/>
      <line num="677" count="1" type="stmt"/>
      <line num="678" count="2" type="stmt"/>
      <line num="680" count="2" type="cond" truecount="1" falsecount="1"/>
      <line num="681" count="0" type="stmt"/>
      <line num="687" count="2" type="stmt"/>
      <line num="688" count="6" type="stmt"/>
      <line num="691" count="2" type="cond" truecount="2" falsecount="0"/>
      <line num="693" count="1" type="stmt"/>
      <line num="699" count="1" type="stmt"/>
      <line num="701" count="1" type="stmt"/>
      <line num="708" count="1" type="stmt"/>
      <line num="713" count="0" type="stmt"/>
      <line num="729" count="1" type="stmt"/>
      <line num="730" count="1" type="stmt"/>
      <line num="731" count="1" type="stmt"/>
      <line num="737" count="0" type="stmt"/>
      <line num="749" count="1" type="stmt"/>
      <line num="750" count="2" type="stmt"/>
      <line num="751" count="2" type="stmt"/>
      <line num="752" count="6" type="stmt"/>
      <line num="754" count="2" type="cond" truecount="2" falsecount="0"/>
      <line num="765" count="0" type="stmt"/>
      <line num="778" count="1" type="stmt"/>
      <line num="779" count="2" type="stmt"/>
      <line num="781" count="2" type="cond" truecount="1" falsecount="1"/>
      <line num="782" count="0" type="stmt"/>
      <line num="788" count="2" type="stmt"/>
      <line num="789" count="6" type="stmt"/>
      <line num="792" count="2" type="cond" truecount="2" falsecount="0"/>
      <line num="794" count="1" type="stmt"/>
      <line num="800" count="1" type="stmt"/>
      <line num="802" count="1" type="stmt"/>
      <line num="809" count="1" type="stmt"/>
      <line num="814" count="0" type="stmt"/>
      <line num="834" count="1" type="stmt"/>
      <line num="835" count="1" type="stmt"/>
      <line num="837" count="1" type="cond" truecount="1" falsecount="1"/>
      <line num="838" count="0" type="stmt"/>
      <line num="841" count="1" type="stmt"/>
      <line num="847" count="0" type="stmt"/>
      <line num="848" count="0" type="stmt"/>
      <line num="860" count="1" type="stmt"/>
      <line num="861" count="2" type="stmt"/>
      <line num="863" count="2" type="cond" truecount="3" falsecount="1"/>
      <line num="864" count="0" type="stmt"/>
      <line num="871" count="8" type="stmt"/>
      <line num="874" count="2" type="cond" truecount="2" falsecount="0"/>
      <line num="882" count="0" type="stmt"/>
      <line num="883" count="0" type="stmt"/>
      <line num="895" count="1" type="stmt"/>
      <line num="896" count="3" type="stmt"/>
      <line num="897" count="3" type="stmt"/>
      <line num="899" count="3" type="stmt"/>
      <line num="905" count="3" type="cond" truecount="2" falsecount="0"/>
      <line num="908" count="2" type="stmt"/>
      <line num="911" count="2" type="stmt"/>
      <line num="912" count="2" type="stmt"/>
      <line num="915" count="2" type="stmt"/>
      <line num="917" count="2" type="stmt"/>
      <line num="923" count="0" type="stmt"/>
      <line num="936" count="1" type="stmt"/>
      <line num="937" count="3" type="stmt"/>
      <line num="938" count="3" type="cond" truecount="3" falsecount="1"/>
      <line num="939" count="0" type="stmt"/>
      <line num="945" count="3" type="cond" truecount="2" falsecount="0"/>
      <line num="946" count="1" type="stmt"/>
      <line num="952" count="9" type="stmt"/>
      <line num="954" count="2" type="cond" truecount="2" falsecount="0"/>
      <line num="955" count="1" type="stmt"/>
      <line num="959" count="1" type="stmt"/>
      <line num="960" count="1" type="stmt"/>
      <line num="961" count="1" type="cond" truecount="1" falsecount="1"/>
      <line num="965" count="1" type="stmt"/>
      <line num="968" count="1" type="stmt"/>
      <line num="970" count="1" type="stmt"/>
      <line num="976" count="0" type="stmt"/>
      <line num="988" count="1" type="stmt"/>
      <line num="989" count="2" type="stmt"/>
      <line num="991" count="8" type="stmt"/>
      <line num="994" count="2" type="cond" truecount="2" falsecount="0"/>
      <line num="995" count="1" type="stmt"/>
      <line num="999" count="1" type="stmt"/>
      <line num="1002" count="1" type="stmt"/>
      <line num="1004" count="1" type="stmt"/>
      <line num="1010" count="0" type="stmt"/>
      <line num="1011" count="0" type="stmt"/>
    </file>
    <file name="mockTables.mjs" path="C:\Users\Eloy\Desktop\CURSOS\DevelHope\FullStack\sharedFolder\FS-ESP10-Team2-Project3\my-react-app\src\data_base\mockTables.mjs">
      <metrics statements="33" coveredstatements="33" conditionals="3" coveredconditionals="1" methods="4" coveredmethods="4"/>
      <line num="2" count="1" type="cond" truecount="0" falsecount="1"/>
      <line num="3" count="5" type="stmt"/>
      <line num="4" count="5" type="cond" truecount="1" falsecount="1"/>
      <line num="8" count="1" type="stmt"/>
      <line num="9" count="55" type="stmt"/>
      <line num="13" count="1" type="stmt"/>
      <line num="40" count="1" type="stmt"/>
      <line num="67" count="1" type="stmt"/>
      <line num="90" count="1" type="stmt"/>
      <line num="117" count="1" type="stmt"/>
      <line num="142" count="1" type="stmt"/>
      <line num="143" count="1" type="stmt"/>
      <line num="147" count="1" type="stmt"/>
      <line num="151" count="1" type="stmt"/>
      <line num="155" count="1" type="stmt"/>
      <line num="158" count="1" type="stmt"/>
      <line num="159" count="10" type="stmt"/>
      <line num="160" count="10" type="stmt"/>
      <line num="161" count="10" type="stmt"/>
      <line num="162" count="10" type="stmt"/>
      <line num="163" count="10" type="stmt"/>
      <line num="167" count="1" type="stmt"/>
      <line num="168" count="1" type="stmt"/>
      <line num="169" count="1" type="stmt"/>
      <line num="170" count="1" type="stmt"/>
      <line num="171" count="1" type="stmt"/>
      <line num="172" count="1" type="stmt"/>
      <line num="173" count="1" type="stmt"/>
      <line num="176" count="1" type="stmt"/>
      <line num="177" count="1" type="stmt"/>
      <line num="182" count="1" type="stmt"/>
      <line num="183" count="1" type="stmt"/>
      <line num="188" count="1" type="stmt"/>
    </file>
  </project>
</coverage>
