{"C:\\Users\\Eloy\\Desktop\\CURSOS\\DevelHope\\FullStack\\sharedFolder\\FS-ESP10-Team2-Project3\\my-react-app\\src\\data_base\\mockDatabase.mjs": {"path":"C:\\Users\\Eloy\\Desktop\\CURSOS\\DevelHope\\FullStack\\sharedFolder\\FS-ESP10-Team2-Project3\\my-react-app\\src\\data_base\\mockDatabase.mjs","statementMap":{"0":{"start":{"line":15,"column":30},"end":{"line":15,"column":44}},"1":{"start":{"line":16,"column":20},"end":{"line":24,"column":1}},"2":{"start":{"line":43,"column":28},"end":{"line":47,"column":2}},"3":{"start":{"line":43,"column":50},"end":{"line":47,"column":1}},"4":{"start":{"line":56,"column":22},"end":{"line":89,"column":1}},"5":{"start":{"line":57,"column":17},"end":{"line":57,"column":19}},"6":{"start":{"line":60,"column":2},"end":{"line":64,"column":3}},"7":{"start":{"line":61,"column":4},"end":{"line":63,"column":5}},"8":{"start":{"line":62,"column":6},"end":{"line":62,"column":71}},"9":{"start":{"line":67,"column":2},"end":{"line":79,"column":3}},"10":{"start":{"line":68,"column":18},"end":{"line":68,"column":29}},"11":{"start":{"line":69,"column":24},"end":{"line":69,"column":37}},"12":{"start":{"line":71,"column":4},"end":{"line":78,"column":5}},"13":{"start":{"line":77,"column":6},"end":{"line":77,"column":44}},"14":{"start":{"line":81,"column":2},"end":{"line":86,"column":3}},"15":{"start":{"line":82,"column":4},"end":{"line":85,"column":6}},"16":{"start":{"line":88,"column":2},"end":{"line":88,"column":14}},"17":{"start":{"line":105,"column":22},"end":{"line":108,"column":1}},"18":{"start":{"line":106,"column":25},"end":{"line":106,"column":69}},"19":{"start":{"line":107,"column":2},"end":{"line":107,"column":45}},"20":{"start":{"line":115,"column":20},"end":{"line":177,"column":1}},"21":{"start":{"line":116,"column":2},"end":{"line":176,"column":3}},"22":{"start":{"line":117,"column":4},"end":{"line":122,"column":5}},"23":{"start":{"line":118,"column":6},"end":{"line":121,"column":8}},"24":{"start":{"line":124,"column":20},"end":{"line":124,"column":42}},"25":{"start":{"line":125,"column":19},"end":{"line":125,"column":29}},"26":{"start":{"line":126,"column":27},"end":{"line":126,"column":51}},"27":{"start":{"line":129,"column":4},"end":{"line":134,"column":5}},"28":{"start":{"line":130,"column":6},"end":{"line":133,"column":8}},"29":{"start":{"line":136,"column":23},"end":{"line":136,"column":42}},"30":{"start":{"line":137,"column":17},"end":{"line":137,"column":32}},"31":{"start":{"line":140,"column":4},"end":{"line":145,"column":5}},"32":{"start":{"line":141,"column":6},"end":{"line":144,"column":8}},"33":{"start":{"line":148,"column":25},"end":{"line":150,"column":5}},"34":{"start":{"line":149,"column":16},"end":{"line":149,"column":39}},"35":{"start":{"line":151,"column":24},"end":{"line":151,"column":79}},"36":{"start":{"line":151,"column":55},"end":{"line":151,"column":78}},"37":{"start":{"line":152,"column":27},"end":{"line":154,"column":5}},"38":{"start":{"line":153,"column":16},"end":{"line":153,"column":39}},"39":{"start":{"line":155,"column":18},"end":{"line":155,"column":65}},"40":{"start":{"line":155,"column":41},"end":{"line":155,"column":64}},"41":{"start":{"line":158,"column":25},"end":{"line":164,"column":5}},"42":{"start":{"line":166,"column":4},"end":{"line":170,"column":6}},"43":{"start":{"line":172,"column":4},"end":{"line":175,"column":6}},"44":{"start":{"line":196,"column":18},"end":{"line":225,"column":1}},"45":{"start":{"line":197,"column":2},"end":{"line":224,"column":3}},"46":{"start":{"line":198,"column":17},"end":{"line":198,"column":73}},"47":{"start":{"line":198,"column":38},"end":{"line":198,"column":64}},"48":{"start":{"line":199,"column":4},"end":{"line":204,"column":5}},"49":{"start":{"line":200,"column":6},"end":{"line":203,"column":8}},"50":{"start":{"line":207,"column":4},"end":{"line":212,"column":5}},"51":{"start":{"line":208,"column":6},"end":{"line":211,"column":8}},"52":{"start":{"line":214,"column":4},"end":{"line":218,"column":6}},"53":{"start":{"line":220,"column":4},"end":{"line":223,"column":6}},"54":{"start":{"line":231,"column":20},"end":{"line":244,"column":1}},"55":{"start":{"line":232,"column":2},"end":{"line":243,"column":3}},"56":{"start":{"line":233,"column":4},"end":{"line":237,"column":6}},"57":{"start":{"line":239,"column":4},"end":{"line":242,"column":6}},"58":{"start":{"line":251,"column":20},"end":{"line":267,"column":1}},"59":{"start":{"line":252,"column":2},"end":{"line":266,"column":3}},"60":{"start":{"line":253,"column":17},"end":{"line":253,"column":70}},"61":{"start":{"line":253,"column":38},"end":{"line":253,"column":61}},"62":{"start":{"line":254,"column":4},"end":{"line":260,"column":77}},"63":{"start":{"line":262,"column":4},"end":{"line":265,"column":6}},"64":{"start":{"line":269,"column":19},"end":{"line":288,"column":1}},"65":{"start":{"line":295,"column":19},"end":{"line":334,"column":1}},"66":{"start":{"line":296,"column":2},"end":{"line":333,"column":3}},"67":{"start":{"line":298,"column":18},"end":{"line":302,"column":5}},"68":{"start":{"line":303,"column":4},"end":{"line":305,"column":5}},"69":{"start":{"line":304,"column":6},"end":{"line":304,"column":19}},"70":{"start":{"line":308,"column":25},"end":{"line":310,"column":5}},"71":{"start":{"line":309,"column":16},"end":{"line":309,"column":50}},"72":{"start":{"line":311,"column":4},"end":{"line":316,"column":5}},"73":{"start":{"line":312,"column":6},"end":{"line":315,"column":8}},"74":{"start":{"line":319,"column":22},"end":{"line":319,"column":30}},"75":{"start":{"line":320,"column":17},"end":{"line":320,"column":51}},"76":{"start":{"line":321,"column":4},"end":{"line":321,"column":21}},"77":{"start":{"line":323,"column":4},"end":{"line":327,"column":6}},"78":{"start":{"line":329,"column":4},"end":{"line":332,"column":6}},"79":{"start":{"line":342,"column":19},"end":{"line":360,"column":1}},"80":{"start":{"line":343,"column":2},"end":{"line":359,"column":3}},"81":{"start":{"line":344,"column":22},"end":{"line":344,"column":72}},"82":{"start":{"line":344,"column":48},"end":{"line":344,"column":71}},"83":{"start":{"line":345,"column":4},"end":{"line":352,"column":5}},"84":{"start":{"line":346,"column":6},"end":{"line":346,"column":65}},"85":{"start":{"line":347,"column":6},"end":{"line":351,"column":8}},"86":{"start":{"line":353,"column":4},"end":{"line":353,"column":80}},"87":{"start":{"line":355,"column":4},"end":{"line":358,"column":6}},"88":{"start":{"line":367,"column":19},"end":{"line":385,"column":1}},"89":{"start":{"line":368,"column":2},"end":{"line":384,"column":3}},"90":{"start":{"line":369,"column":22},"end":{"line":369,"column":72}},"91":{"start":{"line":369,"column":48},"end":{"line":369,"column":71}},"92":{"start":{"line":370,"column":4},"end":{"line":377,"column":5}},"93":{"start":{"line":371,"column":26},"end":{"line":371,"column":55}},"94":{"start":{"line":372,"column":6},"end":{"line":376,"column":8}},"95":{"start":{"line":378,"column":4},"end":{"line":378,"column":80}},"96":{"start":{"line":380,"column":4},"end":{"line":383,"column":6}},"97":{"start":{"line":403,"column":31},"end":{"line":416,"column":1}},"98":{"start":{"line":404,"column":2},"end":{"line":415,"column":3}},"99":{"start":{"line":405,"column":4},"end":{"line":409,"column":6}},"100":{"start":{"line":411,"column":4},"end":{"line":414,"column":6}},"101":{"start":{"line":423,"column":32},"end":{"line":444,"column":1}},"102":{"start":{"line":424,"column":2},"end":{"line":443,"column":3}},"103":{"start":{"line":425,"column":25},"end":{"line":427,"column":5}},"104":{"start":{"line":426,"column":16},"end":{"line":426,"column":39}},"105":{"start":{"line":428,"column":4},"end":{"line":437,"column":10}},"106":{"start":{"line":439,"column":4},"end":{"line":442,"column":6}},"107":{"start":{"line":452,"column":31},"end":{"line":478,"column":1}},"108":{"start":{"line":453,"column":2},"end":{"line":477,"column":3}},"109":{"start":{"line":454,"column":22},"end":{"line":456,"column":5}},"110":{"start":{"line":455,"column":16},"end":{"line":455,"column":39}},"111":{"start":{"line":457,"column":4},"end":{"line":467,"column":5}},"112":{"start":{"line":458,"column":6},"end":{"line":461,"column":8}},"113":{"start":{"line":462,"column":6},"end":{"line":466,"column":8}},"114":{"start":{"line":468,"column":4},"end":{"line":471,"column":6}},"115":{"start":{"line":473,"column":4},"end":{"line":476,"column":6}},"116":{"start":{"line":493,"column":30},"end":{"line":506,"column":1}},"117":{"start":{"line":494,"column":2},"end":{"line":505,"column":3}},"118":{"start":{"line":495,"column":4},"end":{"line":499,"column":6}},"119":{"start":{"line":501,"column":4},"end":{"line":504,"column":6}},"120":{"start":{"line":513,"column":31},"end":{"line":532,"column":1}},"121":{"start":{"line":514,"column":2},"end":{"line":531,"column":3}},"122":{"start":{"line":515,"column":24},"end":{"line":515,"column":79}},"123":{"start":{"line":515,"column":55},"end":{"line":515,"column":78}},"124":{"start":{"line":516,"column":4},"end":{"line":525,"column":10}},"125":{"start":{"line":527,"column":4},"end":{"line":530,"column":6}},"126":{"start":{"line":540,"column":30},"end":{"line":566,"column":1}},"127":{"start":{"line":541,"column":2},"end":{"line":565,"column":3}},"128":{"start":{"line":542,"column":22},"end":{"line":544,"column":5}},"129":{"start":{"line":543,"column":16},"end":{"line":543,"column":39}},"130":{"start":{"line":545,"column":4},"end":{"line":555,"column":5}},"131":{"start":{"line":546,"column":6},"end":{"line":549,"column":8}},"132":{"start":{"line":550,"column":6},"end":{"line":554,"column":8}},"133":{"start":{"line":556,"column":4},"end":{"line":559,"column":6}},"134":{"start":{"line":561,"column":4},"end":{"line":564,"column":6}},"135":{"start":{"line":577,"column":33},"end":{"line":590,"column":1}},"136":{"start":{"line":578,"column":2},"end":{"line":589,"column":3}},"137":{"start":{"line":579,"column":4},"end":{"line":583,"column":6}},"138":{"start":{"line":585,"column":4},"end":{"line":588,"column":6}},"139":{"start":{"line":597,"column":34},"end":{"line":618,"column":1}},"140":{"start":{"line":598,"column":2},"end":{"line":617,"column":3}},"141":{"start":{"line":599,"column":27},"end":{"line":601,"column":5}},"142":{"start":{"line":600,"column":16},"end":{"line":600,"column":39}},"143":{"start":{"line":602,"column":4},"end":{"line":611,"column":10}},"144":{"start":{"line":613,"column":4},"end":{"line":616,"column":6}},"145":{"start":{"line":626,"column":33},"end":{"line":652,"column":1}},"146":{"start":{"line":627,"column":2},"end":{"line":651,"column":3}},"147":{"start":{"line":628,"column":22},"end":{"line":630,"column":5}},"148":{"start":{"line":629,"column":16},"end":{"line":629,"column":39}},"149":{"start":{"line":631,"column":4},"end":{"line":641,"column":5}},"150":{"start":{"line":632,"column":6},"end":{"line":635,"column":8}},"151":{"start":{"line":636,"column":6},"end":{"line":640,"column":8}},"152":{"start":{"line":642,"column":4},"end":{"line":645,"column":6}},"153":{"start":{"line":647,"column":4},"end":{"line":650,"column":6}},"154":{"start":{"line":667,"column":20},"end":{"line":680,"column":1}},"155":{"start":{"line":668,"column":2},"end":{"line":679,"column":3}},"156":{"start":{"line":669,"column":4},"end":{"line":673,"column":6}},"157":{"start":{"line":675,"column":4},"end":{"line":678,"column":6}},"158":{"start":{"line":687,"column":20},"end":{"line":703,"column":1}},"159":{"start":{"line":688,"column":2},"end":{"line":702,"column":3}},"160":{"start":{"line":689,"column":17},"end":{"line":689,"column":62}},"161":{"start":{"line":689,"column":38},"end":{"line":689,"column":61}},"162":{"start":{"line":690,"column":4},"end":{"line":696,"column":75}},"163":{"start":{"line":698,"column":4},"end":{"line":701,"column":6}},"164":{"start":{"line":710,"column":19},"end":{"line":736,"column":1}},"165":{"start":{"line":711,"column":2},"end":{"line":735,"column":3}},"166":{"start":{"line":713,"column":18},"end":{"line":718,"column":6}},"167":{"start":{"line":719,"column":4},"end":{"line":719,"column":28}},"168":{"start":{"line":719,"column":15},"end":{"line":719,"column":28}},"169":{"start":{"line":721,"column":22},"end":{"line":721,"column":38}},"170":{"start":{"line":722,"column":17},"end":{"line":722,"column":51}},"171":{"start":{"line":723,"column":4},"end":{"line":723,"column":21}},"172":{"start":{"line":725,"column":4},"end":{"line":729,"column":6}},"173":{"start":{"line":731,"column":4},"end":{"line":734,"column":6}},"174":{"start":{"line":744,"column":19},"end":{"line":777,"column":1}},"175":{"start":{"line":745,"column":2},"end":{"line":776,"column":3}},"176":{"start":{"line":746,"column":4},"end":{"line":751,"column":5}},"177":{"start":{"line":747,"column":6},"end":{"line":750,"column":8}},"178":{"start":{"line":753,"column":22},"end":{"line":753,"column":72}},"179":{"start":{"line":753,"column":48},"end":{"line":753,"column":71}},"180":{"start":{"line":755,"column":4},"end":{"line":757,"column":5}},"181":{"start":{"line":756,"column":6},"end":{"line":756,"column":80}},"182":{"start":{"line":760,"column":18},"end":{"line":760,"column":56}},"183":{"start":{"line":761,"column":4},"end":{"line":761,"column":28}},"184":{"start":{"line":761,"column":15},"end":{"line":761,"column":28}},"185":{"start":{"line":764,"column":4},"end":{"line":764,"column":63}},"186":{"start":{"line":766,"column":4},"end":{"line":770,"column":6}},"187":{"start":{"line":772,"column":4},"end":{"line":775,"column":6}},"188":{"start":{"line":784,"column":19},"end":{"line":809,"column":1}},"189":{"start":{"line":785,"column":2},"end":{"line":808,"column":3}},"190":{"start":{"line":786,"column":4},"end":{"line":791,"column":5}},"191":{"start":{"line":787,"column":6},"end":{"line":790,"column":8}},"192":{"start":{"line":793,"column":22},"end":{"line":793,"column":72}},"193":{"start":{"line":793,"column":48},"end":{"line":793,"column":71}},"194":{"start":{"line":794,"column":4},"end":{"line":801,"column":5}},"195":{"start":{"line":795,"column":26},"end":{"line":795,"column":55}},"196":{"start":{"line":796,"column":6},"end":{"line":800,"column":8}},"197":{"start":{"line":802,"column":4},"end":{"line":802,"column":78}},"198":{"start":{"line":804,"column":4},"end":{"line":807,"column":6}}},"fnMap":{"0":{"name":"(anonymous_0)","decl":{"start":{"line":43,"column":28},"end":{"line":43,"column":29}},"loc":{"start":{"line":43,"column":50},"end":{"line":47,"column":1}},"line":43},"1":{"name":"(anonymous_1)","decl":{"start":{"line":56,"column":22},"end":{"line":56,"column":23}},"loc":{"start":{"line":56,"column":61},"end":{"line":89,"column":1}},"line":56},"2":{"name":"(anonymous_2)","decl":{"start":{"line":105,"column":22},"end":{"line":105,"column":23}},"loc":{"start":{"line":105,"column":34},"end":{"line":108,"column":1}},"line":105},"3":{"name":"(anonymous_3)","decl":{"start":{"line":115,"column":20},"end":{"line":115,"column":21}},"loc":{"start":{"line":115,"column":31},"end":{"line":177,"column":1}},"line":115},"4":{"name":"(anonymous_4)","decl":{"start":{"line":149,"column":6},"end":{"line":149,"column":7}},"loc":{"start":{"line":149,"column":16},"end":{"line":149,"column":39}},"line":149},"5":{"name":"(anonymous_5)","decl":{"start":{"line":151,"column":45},"end":{"line":151,"column":46}},"loc":{"start":{"line":151,"column":55},"end":{"line":151,"column":78}},"line":151},"6":{"name":"(anonymous_6)","decl":{"start":{"line":153,"column":6},"end":{"line":153,"column":7}},"loc":{"start":{"line":153,"column":16},"end":{"line":153,"column":39}},"line":153},"7":{"name":"(anonymous_7)","decl":{"start":{"line":155,"column":31},"end":{"line":155,"column":32}},"loc":{"start":{"line":155,"column":41},"end":{"line":155,"column":64}},"line":155},"8":{"name":"(anonymous_8)","decl":{"start":{"line":196,"column":18},"end":{"line":196,"column":19}},"loc":{"start":{"line":196,"column":42},"end":{"line":225,"column":1}},"line":196},"9":{"name":"(anonymous_9)","decl":{"start":{"line":198,"column":28},"end":{"line":198,"column":29}},"loc":{"start":{"line":198,"column":38},"end":{"line":198,"column":64}},"line":198},"10":{"name":"(anonymous_10)","decl":{"start":{"line":231,"column":20},"end":{"line":231,"column":21}},"loc":{"start":{"line":231,"column":26},"end":{"line":244,"column":1}},"line":231},"11":{"name":"(anonymous_11)","decl":{"start":{"line":251,"column":20},"end":{"line":251,"column":21}},"loc":{"start":{"line":251,"column":32},"end":{"line":267,"column":1}},"line":251},"12":{"name":"(anonymous_12)","decl":{"start":{"line":253,"column":28},"end":{"line":253,"column":29}},"loc":{"start":{"line":253,"column":38},"end":{"line":253,"column":61}},"line":253},"13":{"name":"(anonymous_13)","decl":{"start":{"line":295,"column":19},"end":{"line":295,"column":20}},"loc":{"start":{"line":295,"column":32},"end":{"line":334,"column":1}},"line":295},"14":{"name":"(anonymous_14)","decl":{"start":{"line":309,"column":6},"end":{"line":309,"column":7}},"loc":{"start":{"line":309,"column":16},"end":{"line":309,"column":50}},"line":309},"15":{"name":"(anonymous_15)","decl":{"start":{"line":342,"column":19},"end":{"line":342,"column":20}},"loc":{"start":{"line":342,"column":44},"end":{"line":360,"column":1}},"line":342},"16":{"name":"(anonymous_16)","decl":{"start":{"line":344,"column":38},"end":{"line":344,"column":39}},"loc":{"start":{"line":344,"column":48},"end":{"line":344,"column":71}},"line":344},"17":{"name":"(anonymous_17)","decl":{"start":{"line":367,"column":19},"end":{"line":367,"column":20}},"loc":{"start":{"line":367,"column":31},"end":{"line":385,"column":1}},"line":367},"18":{"name":"(anonymous_18)","decl":{"start":{"line":369,"column":38},"end":{"line":369,"column":39}},"loc":{"start":{"line":369,"column":48},"end":{"line":369,"column":71}},"line":369},"19":{"name":"(anonymous_19)","decl":{"start":{"line":403,"column":31},"end":{"line":403,"column":32}},"loc":{"start":{"line":403,"column":37},"end":{"line":416,"column":1}},"line":403},"20":{"name":"(anonymous_20)","decl":{"start":{"line":423,"column":32},"end":{"line":423,"column":33}},"loc":{"start":{"line":423,"column":44},"end":{"line":444,"column":1}},"line":423},"21":{"name":"(anonymous_21)","decl":{"start":{"line":426,"column":6},"end":{"line":426,"column":7}},"loc":{"start":{"line":426,"column":16},"end":{"line":426,"column":39}},"line":426},"22":{"name":"(anonymous_22)","decl":{"start":{"line":452,"column":31},"end":{"line":452,"column":32}},"loc":{"start":{"line":452,"column":56},"end":{"line":478,"column":1}},"line":452},"23":{"name":"(anonymous_23)","decl":{"start":{"line":455,"column":6},"end":{"line":455,"column":7}},"loc":{"start":{"line":455,"column":16},"end":{"line":455,"column":39}},"line":455},"24":{"name":"(anonymous_24)","decl":{"start":{"line":493,"column":30},"end":{"line":493,"column":31}},"loc":{"start":{"line":493,"column":36},"end":{"line":506,"column":1}},"line":493},"25":{"name":"(anonymous_25)","decl":{"start":{"line":513,"column":31},"end":{"line":513,"column":32}},"loc":{"start":{"line":513,"column":43},"end":{"line":532,"column":1}},"line":513},"26":{"name":"(anonymous_26)","decl":{"start":{"line":515,"column":45},"end":{"line":515,"column":46}},"loc":{"start":{"line":515,"column":55},"end":{"line":515,"column":78}},"line":515},"27":{"name":"(anonymous_27)","decl":{"start":{"line":540,"column":30},"end":{"line":540,"column":31}},"loc":{"start":{"line":540,"column":55},"end":{"line":566,"column":1}},"line":540},"28":{"name":"(anonymous_28)","decl":{"start":{"line":543,"column":6},"end":{"line":543,"column":7}},"loc":{"start":{"line":543,"column":16},"end":{"line":543,"column":39}},"line":543},"29":{"name":"(anonymous_29)","decl":{"start":{"line":577,"column":33},"end":{"line":577,"column":34}},"loc":{"start":{"line":577,"column":39},"end":{"line":590,"column":1}},"line":577},"30":{"name":"(anonymous_30)","decl":{"start":{"line":597,"column":34},"end":{"line":597,"column":35}},"loc":{"start":{"line":597,"column":46},"end":{"line":618,"column":1}},"line":597},"31":{"name":"(anonymous_31)","decl":{"start":{"line":600,"column":6},"end":{"line":600,"column":7}},"loc":{"start":{"line":600,"column":16},"end":{"line":600,"column":39}},"line":600},"32":{"name":"(anonymous_32)","decl":{"start":{"line":626,"column":33},"end":{"line":626,"column":34}},"loc":{"start":{"line":626,"column":58},"end":{"line":652,"column":1}},"line":626},"33":{"name":"(anonymous_33)","decl":{"start":{"line":629,"column":6},"end":{"line":629,"column":7}},"loc":{"start":{"line":629,"column":16},"end":{"line":629,"column":39}},"line":629},"34":{"name":"(anonymous_34)","decl":{"start":{"line":667,"column":20},"end":{"line":667,"column":21}},"loc":{"start":{"line":667,"column":26},"end":{"line":680,"column":1}},"line":667},"35":{"name":"(anonymous_35)","decl":{"start":{"line":687,"column":20},"end":{"line":687,"column":21}},"loc":{"start":{"line":687,"column":32},"end":{"line":703,"column":1}},"line":687},"36":{"name":"(anonymous_36)","decl":{"start":{"line":689,"column":28},"end":{"line":689,"column":29}},"loc":{"start":{"line":689,"column":38},"end":{"line":689,"column":61}},"line":689},"37":{"name":"(anonymous_37)","decl":{"start":{"line":710,"column":19},"end":{"line":710,"column":20}},"loc":{"start":{"line":710,"column":32},"end":{"line":736,"column":1}},"line":710},"38":{"name":"(anonymous_38)","decl":{"start":{"line":744,"column":19},"end":{"line":744,"column":20}},"loc":{"start":{"line":744,"column":44},"end":{"line":777,"column":1}},"line":744},"39":{"name":"(anonymous_39)","decl":{"start":{"line":753,"column":38},"end":{"line":753,"column":39}},"loc":{"start":{"line":753,"column":48},"end":{"line":753,"column":71}},"line":753},"40":{"name":"(anonymous_40)","decl":{"start":{"line":784,"column":19},"end":{"line":784,"column":20}},"loc":{"start":{"line":784,"column":31},"end":{"line":809,"column":1}},"line":784},"41":{"name":"(anonymous_41)","decl":{"start":{"line":793,"column":38},"end":{"line":793,"column":39}},"loc":{"start":{"line":793,"column":48},"end":{"line":793,"column":71}},"line":793}},"branchMap":{"0":{"loc":{"start":{"line":56,"column":45},"end":{"line":56,"column":56}},"type":"default-arg","locations":[{"start":{"line":56,"column":54},"end":{"line":56,"column":56}}],"line":56},"1":{"loc":{"start":{"line":61,"column":4},"end":{"line":63,"column":5}},"type":"if","locations":[{"start":{"line":61,"column":4},"end":{"line":63,"column":5}},{"start":{},"end":{}}],"line":61},"2":{"loc":{"start":{"line":71,"column":4},"end":{"line":78,"column":5}},"type":"if","locations":[{"start":{"line":71,"column":4},"end":{"line":78,"column":5}},{"start":{},"end":{}}],"line":71},"3":{"loc":{"start":{"line":72,"column":6},"end":{"line":75,"column":36}},"type":"binary-expr","locations":[{"start":{"line":72,"column":6},"end":{"line":72,"column":11}},{"start":{"line":73,"column":6},"end":{"line":73,"column":17}},{"start":{"line":74,"column":6},"end":{"line":74,"column":23}},{"start":{"line":75,"column":6},"end":{"line":75,"column":36}}],"line":72},"4":{"loc":{"start":{"line":81,"column":2},"end":{"line":86,"column":3}},"type":"if","locations":[{"start":{"line":81,"column":2},"end":{"line":86,"column":3}},{"start":{},"end":{}}],"line":81},"5":{"loc":{"start":{"line":117,"column":4},"end":{"line":122,"column":5}},"type":"if","locations":[{"start":{"line":117,"column":4},"end":{"line":122,"column":5}},{"start":{},"end":{}}],"line":117},"6":{"loc":{"start":{"line":129,"column":4},"end":{"line":134,"column":5}},"type":"if","locations":[{"start":{"line":129,"column":4},"end":{"line":134,"column":5}},{"start":{},"end":{}}],"line":129},"7":{"loc":{"start":{"line":140,"column":4},"end":{"line":145,"column":5}},"type":"if","locations":[{"start":{"line":140,"column":4},"end":{"line":145,"column":5}},{"start":{},"end":{}}],"line":140},"8":{"loc":{"start":{"line":160,"column":20},"end":{"line":160,"column":38}},"type":"binary-expr","locations":[{"start":{"line":160,"column":20},"end":{"line":160,"column":32}},{"start":{"line":160,"column":36},"end":{"line":160,"column":38}}],"line":160},"9":{"loc":{"start":{"line":161,"column":19},"end":{"line":161,"column":36}},"type":"binary-expr","locations":[{"start":{"line":161,"column":19},"end":{"line":161,"column":30}},{"start":{"line":161,"column":34},"end":{"line":161,"column":36}}],"line":161},"10":{"loc":{"start":{"line":162,"column":22},"end":{"line":162,"column":42}},"type":"binary-expr","locations":[{"start":{"line":162,"column":22},"end":{"line":162,"column":36}},{"start":{"line":162,"column":40},"end":{"line":162,"column":42}}],"line":162},"11":{"loc":{"start":{"line":163,"column":13},"end":{"line":163,"column":24}},"type":"binary-expr","locations":[{"start":{"line":163,"column":13},"end":{"line":163,"column":18}},{"start":{"line":163,"column":22},"end":{"line":163,"column":24}}],"line":163},"12":{"loc":{"start":{"line":198,"column":17},"end":{"line":198,"column":73}},"type":"binary-expr","locations":[{"start":{"line":198,"column":17},"end":{"line":198,"column":65}},{"start":{"line":198,"column":69},"end":{"line":198,"column":73}}],"line":198},"13":{"loc":{"start":{"line":199,"column":4},"end":{"line":204,"column":5}},"type":"if","locations":[{"start":{"line":199,"column":4},"end":{"line":204,"column":5}},{"start":{},"end":{}}],"line":199},"14":{"loc":{"start":{"line":207,"column":4},"end":{"line":212,"column":5}},"type":"if","locations":[{"start":{"line":207,"column":4},"end":{"line":212,"column":5}},{"start":{},"end":{}}],"line":207},"15":{"loc":{"start":{"line":253,"column":17},"end":{"line":253,"column":70}},"type":"binary-expr","locations":[{"start":{"line":253,"column":17},"end":{"line":253,"column":62}},{"start":{"line":253,"column":66},"end":{"line":253,"column":70}}],"line":253},"16":{"loc":{"start":{"line":254,"column":11},"end":{"line":260,"column":76}},"type":"cond-expr","locations":[{"start":{"line":255,"column":8},"end":{"line":259,"column":9}},{"start":{"line":260,"column":8},"end":{"line":260,"column":76}}],"line":254},"17":{"loc":{"start":{"line":303,"column":4},"end":{"line":305,"column":5}},"type":"if","locations":[{"start":{"line":303,"column":4},"end":{"line":305,"column":5}},{"start":{},"end":{}}],"line":303},"18":{"loc":{"start":{"line":311,"column":4},"end":{"line":316,"column":5}},"type":"if","locations":[{"start":{"line":311,"column":4},"end":{"line":316,"column":5}},{"start":{},"end":{}}],"line":311},"19":{"loc":{"start":{"line":345,"column":4},"end":{"line":352,"column":5}},"type":"if","locations":[{"start":{"line":345,"column":4},"end":{"line":352,"column":5}},{"start":{},"end":{}}],"line":345},"20":{"loc":{"start":{"line":370,"column":4},"end":{"line":377,"column":5}},"type":"if","locations":[{"start":{"line":370,"column":4},"end":{"line":377,"column":5}},{"start":{},"end":{}}],"line":370},"21":{"loc":{"start":{"line":428,"column":11},"end":{"line":437,"column":9}},"type":"cond-expr","locations":[{"start":{"line":429,"column":8},"end":{"line":433,"column":9}},{"start":{"line":434,"column":8},"end":{"line":437,"column":9}}],"line":428},"22":{"loc":{"start":{"line":457,"column":4},"end":{"line":467,"column":5}},"type":"if","locations":[{"start":{"line":457,"column":4},"end":{"line":467,"column":5}},{"start":{},"end":{}}],"line":457},"23":{"loc":{"start":{"line":516,"column":11},"end":{"line":525,"column":9}},"type":"cond-expr","locations":[{"start":{"line":517,"column":8},"end":{"line":521,"column":9}},{"start":{"line":522,"column":8},"end":{"line":525,"column":9}}],"line":516},"24":{"loc":{"start":{"line":545,"column":4},"end":{"line":555,"column":5}},"type":"if","locations":[{"start":{"line":545,"column":4},"end":{"line":555,"column":5}},{"start":{},"end":{}}],"line":545},"25":{"loc":{"start":{"line":602,"column":11},"end":{"line":611,"column":9}},"type":"cond-expr","locations":[{"start":{"line":603,"column":8},"end":{"line":607,"column":9}},{"start":{"line":608,"column":8},"end":{"line":611,"column":9}}],"line":602},"26":{"loc":{"start":{"line":631,"column":4},"end":{"line":641,"column":5}},"type":"if","locations":[{"start":{"line":631,"column":4},"end":{"line":641,"column":5}},{"start":{},"end":{}}],"line":631},"27":{"loc":{"start":{"line":690,"column":11},"end":{"line":696,"column":74}},"type":"cond-expr","locations":[{"start":{"line":691,"column":8},"end":{"line":695,"column":9}},{"start":{"line":696,"column":8},"end":{"line":696,"column":74}}],"line":690},"28":{"loc":{"start":{"line":719,"column":4},"end":{"line":719,"column":28}},"type":"if","locations":[{"start":{"line":719,"column":4},"end":{"line":719,"column":28}},{"start":{},"end":{}}],"line":719},"29":{"loc":{"start":{"line":746,"column":4},"end":{"line":751,"column":5}},"type":"if","locations":[{"start":{"line":746,"column":4},"end":{"line":751,"column":5}},{"start":{},"end":{}}],"line":746},"30":{"loc":{"start":{"line":755,"column":4},"end":{"line":757,"column":5}},"type":"if","locations":[{"start":{"line":755,"column":4},"end":{"line":757,"column":5}},{"start":{},"end":{}}],"line":755},"31":{"loc":{"start":{"line":761,"column":4},"end":{"line":761,"column":28}},"type":"if","locations":[{"start":{"line":761,"column":4},"end":{"line":761,"column":28}},{"start":{},"end":{}}],"line":761},"32":{"loc":{"start":{"line":786,"column":4},"end":{"line":791,"column":5}},"type":"if","locations":[{"start":{"line":786,"column":4},"end":{"line":791,"column":5}},{"start":{},"end":{}}],"line":786},"33":{"loc":{"start":{"line":786,"column":8},"end":{"line":786,"column":49}},"type":"binary-expr","locations":[{"start":{"line":786,"column":8},"end":{"line":786,"column":34}},{"start":{"line":786,"column":38},"end":{"line":786,"column":49}}],"line":786},"34":{"loc":{"start":{"line":794,"column":4},"end":{"line":801,"column":5}},"type":"if","locations":[{"start":{"line":794,"column":4},"end":{"line":801,"column":5}},{"start":{},"end":{}}],"line":794}},"s":{"0":1,"1":1,"2":1,"3":31,"4":1,"5":12,"6":12,"7":37,"8":2,"9":12,"10":37,"11":37,"12":37,"13":7,"14":12,"15":6,"16":6,"17":1,"18":7,"19":7,"20":1,"21":6,"22":6,"23":1,"24":5,"25":4,"26":4,"27":4,"28":1,"29":3,"30":3,"31":3,"32":1,"33":2,"34":2,"35":2,"36":2,"37":2,"38":2,"39":2,"40":6,"41":2,"42":2,"43":1,"44":1,"45":6,"46":6,"47":33,"48":6,"49":3,"50":3,"51":2,"52":1,"53":0,"54":1,"55":1,"56":1,"57":0,"58":1,"59":5,"60":5,"61":11,"62":5,"63":0,"64":1,"65":1,"66":8,"67":8,"68":8,"69":5,"70":3,"71":15,"72":3,"73":1,"74":2,"75":2,"76":2,"77":2,"78":0,"79":1,"80":2,"81":2,"82":7,"83":2,"84":1,"85":1,"86":1,"87":0,"88":1,"89":2,"90":2,"91":6,"92":2,"93":1,"94":1,"95":1,"96":0,"97":1,"98":1,"99":1,"100":0,"101":1,"102":2,"103":2,"104":5,"105":2,"106":0,"107":1,"108":2,"109":2,"110":5,"111":2,"112":1,"113":1,"114":1,"115":0,"116":1,"117":1,"118":1,"119":0,"120":1,"121":2,"122":2,"123":5,"124":2,"125":0,"126":1,"127":2,"128":2,"129":5,"130":2,"131":1,"132":1,"133":1,"134":0,"135":1,"136":1,"137":1,"138":0,"139":1,"140":2,"141":2,"142":5,"143":2,"144":0,"145":1,"146":2,"147":2,"148":5,"149":2,"150":1,"151":1,"152":1,"153":0,"154":1,"155":1,"156":1,"157":0,"158":1,"159":2,"160":2,"161":8,"162":2,"163":0,"164":1,"165":3,"166":3,"167":3,"168":1,"169":2,"170":2,"171":2,"172":2,"173":0,"174":1,"175":3,"176":3,"177":1,"178":2,"179":9,"180":2,"181":1,"182":1,"183":1,"184":0,"185":1,"186":1,"187":0,"188":1,"189":3,"190":3,"191":1,"192":2,"193":8,"194":2,"195":1,"196":1,"197":1,"198":0},"f":{"0":31,"1":12,"2":7,"3":6,"4":2,"5":2,"6":2,"7":6,"8":6,"9":33,"10":1,"11":5,"12":11,"13":8,"14":15,"15":2,"16":7,"17":2,"18":6,"19":1,"20":2,"21":5,"22":2,"23":5,"24":1,"25":2,"26":5,"27":2,"28":5,"29":1,"30":2,"31":5,"32":2,"33":5,"34":1,"35":2,"36":8,"37":3,"38":3,"39":9,"40":3,"41":8},"b":{"0":[4],"1":[2,35],"2":[7,30],"3":[37,35,23,23],"4":[6,6],"5":[1,5],"6":[1,3],"7":[1,2],"8":[2,0],"9":[2,0],"10":[2,0],"11":[2,0],"12":[6,3],"13":[3,3],"14":[2,1],"15":[5,2],"16":[3,2],"17":[5,3],"18":[1,2],"19":[1,1],"20":[1,1],"21":[1,1],"22":[1,1],"23":[1,1],"24":[1,1],"25":[1,1],"26":[1,1],"27":[1,1],"28":[1,2],"29":[1,2],"30":[1,1],"31":[0,1],"32":[1,2],"33":[3,2],"34":[1,1]},"_coverageSchema":"1a1c01bbd47fc00a2c39e90264f33305004495a9","hash":"884ae66c474c361deb121b99a2792e66bc0f9574"}
,"C:\\Users\\Eloy\\Desktop\\CURSOS\\DevelHope\\FullStack\\sharedFolder\\FS-ESP10-Team2-Project3\\my-react-app\\src\\data_base\\mockTables.mjs": {"path":"C:\\Users\\Eloy\\Desktop\\CURSOS\\DevelHope\\FullStack\\sharedFolder\\FS-ESP10-Team2-Project3\\my-react-app\\src\\data_base\\mockTables.mjs","statementMap":{"0":{"start":{"line":2,"column":14},"end":{"line":27,"column":1}},"1":{"start":{"line":30,"column":25},"end":{"line":55,"column":1}},"2":{"start":{"line":58,"column":24},"end":{"line":79,"column":1}},"3":{"start":{"line":82,"column":27},"end":{"line":107,"column":1}},"4":{"start":{"line":110,"column":14},"end":{"line":132,"column":1}}},"fnMap":{},"branchMap":{},"s":{"0":1,"1":1,"2":1,"3":1,"4":1},"f":{},"b":{},"_coverageSchema":"1a1c01bbd47fc00a2c39e90264f33305004495a9","hash":"76c4d262048cf607c39a0e3d3df857aaa96113c9"}
}
