{"C:\\Users\\Eloy\\Desktop\\CURSOS\\DevelHope\\FullStack\\sharedFolder\\FS-ESP10-Team2-Project3\\my-react-app\\src\\data_base\\mockDatabase.mjs": {"path":"C:\\Users\\Eloy\\Desktop\\CURSOS\\DevelHope\\FullStack\\sharedFolder\\FS-ESP10-Team2-Project3\\my-react-app\\src\\data_base\\mockDatabase.mjs","statementMap":{"0":{"start":{"line":19,"column":30},"end":{"line":19,"column":44}},"1":{"start":{"line":20,"column":20},"end":{"line":28,"column":1}},"2":{"start":{"line":47,"column":28},"end":{"line":51,"column":2}},"3":{"start":{"line":47,"column":50},"end":{"line":51,"column":1}},"4":{"start":{"line":60,"column":22},"end":{"line":93,"column":1}},"5":{"start":{"line":61,"column":17},"end":{"line":61,"column":19}},"6":{"start":{"line":64,"column":2},"end":{"line":68,"column":3}},"7":{"start":{"line":65,"column":4},"end":{"line":67,"column":5}},"8":{"start":{"line":66,"column":6},"end":{"line":66,"column":71}},"9":{"start":{"line":71,"column":2},"end":{"line":83,"column":3}},"10":{"start":{"line":72,"column":18},"end":{"line":72,"column":29}},"11":{"start":{"line":73,"column":24},"end":{"line":73,"column":37}},"12":{"start":{"line":75,"column":4},"end":{"line":82,"column":5}},"13":{"start":{"line":81,"column":6},"end":{"line":81,"column":44}},"14":{"start":{"line":85,"column":2},"end":{"line":90,"column":3}},"15":{"start":{"line":86,"column":4},"end":{"line":89,"column":6}},"16":{"start":{"line":92,"column":2},"end":{"line":92,"column":14}},"17":{"start":{"line":109,"column":22},"end":{"line":112,"column":1}},"18":{"start":{"line":110,"column":25},"end":{"line":110,"column":69}},"19":{"start":{"line":111,"column":2},"end":{"line":111,"column":45}},"20":{"start":{"line":119,"column":20},"end":{"line":181,"column":1}},"21":{"start":{"line":120,"column":2},"end":{"line":180,"column":3}},"22":{"start":{"line":121,"column":4},"end":{"line":126,"column":5}},"23":{"start":{"line":122,"column":6},"end":{"line":125,"column":8}},"24":{"start":{"line":128,"column":20},"end":{"line":128,"column":42}},"25":{"start":{"line":129,"column":19},"end":{"line":129,"column":29}},"26":{"start":{"line":130,"column":27},"end":{"line":130,"column":51}},"27":{"start":{"line":133,"column":4},"end":{"line":138,"column":5}},"28":{"start":{"line":134,"column":6},"end":{"line":137,"column":8}},"29":{"start":{"line":140,"column":23},"end":{"line":140,"column":42}},"30":{"start":{"line":141,"column":17},"end":{"line":141,"column":32}},"31":{"start":{"line":144,"column":4},"end":{"line":149,"column":5}},"32":{"start":{"line":145,"column":6},"end":{"line":148,"column":8}},"33":{"start":{"line":152,"column":25},"end":{"line":154,"column":5}},"34":{"start":{"line":153,"column":16},"end":{"line":153,"column":39}},"35":{"start":{"line":155,"column":24},"end":{"line":155,"column":79}},"36":{"start":{"line":155,"column":55},"end":{"line":155,"column":78}},"37":{"start":{"line":156,"column":27},"end":{"line":158,"column":5}},"38":{"start":{"line":157,"column":16},"end":{"line":157,"column":39}},"39":{"start":{"line":159,"column":18},"end":{"line":159,"column":65}},"40":{"start":{"line":159,"column":41},"end":{"line":159,"column":64}},"41":{"start":{"line":162,"column":25},"end":{"line":168,"column":5}},"42":{"start":{"line":170,"column":4},"end":{"line":174,"column":6}},"43":{"start":{"line":176,"column":4},"end":{"line":179,"column":6}},"44":{"start":{"line":200,"column":18},"end":{"line":229,"column":1}},"45":{"start":{"line":201,"column":2},"end":{"line":228,"column":3}},"46":{"start":{"line":202,"column":17},"end":{"line":202,"column":73}},"47":{"start":{"line":202,"column":38},"end":{"line":202,"column":64}},"48":{"start":{"line":203,"column":4},"end":{"line":208,"column":5}},"49":{"start":{"line":204,"column":6},"end":{"line":207,"column":8}},"50":{"start":{"line":211,"column":4},"end":{"line":216,"column":5}},"51":{"start":{"line":212,"column":6},"end":{"line":215,"column":8}},"52":{"start":{"line":218,"column":4},"end":{"line":222,"column":6}},"53":{"start":{"line":224,"column":4},"end":{"line":227,"column":6}},"54":{"start":{"line":235,"column":20},"end":{"line":248,"column":1}},"55":{"start":{"line":236,"column":2},"end":{"line":247,"column":3}},"56":{"start":{"line":237,"column":4},"end":{"line":241,"column":6}},"57":{"start":{"line":243,"column":4},"end":{"line":246,"column":6}},"58":{"start":{"line":255,"column":20},"end":{"line":271,"column":1}},"59":{"start":{"line":256,"column":2},"end":{"line":270,"column":3}},"60":{"start":{"line":257,"column":17},"end":{"line":257,"column":70}},"61":{"start":{"line":257,"column":38},"end":{"line":257,"column":61}},"62":{"start":{"line":258,"column":4},"end":{"line":264,"column":77}},"63":{"start":{"line":266,"column":4},"end":{"line":269,"column":6}},"64":{"start":{"line":273,"column":19},"end":{"line":340,"column":1}},"65":{"start":{"line":347,"column":19},"end":{"line":448,"column":1}},"66":{"start":{"line":348,"column":2},"end":{"line":447,"column":3}},"67":{"start":{"line":350,"column":22},"end":{"line":354,"column":5}},"68":{"start":{"line":355,"column":4},"end":{"line":355,"column":36}},"69":{"start":{"line":355,"column":19},"end":{"line":355,"column":36}},"70":{"start":{"line":358,"column":25},"end":{"line":360,"column":5}},"71":{"start":{"line":359,"column":16},"end":{"line":359,"column":50}},"72":{"start":{"line":361,"column":4},"end":{"line":366,"column":5}},"73":{"start":{"line":362,"column":6},"end":{"line":365,"column":8}},"74":{"start":{"line":369,"column":22},"end":{"line":369,"column":30}},"75":{"start":{"line":372,"column":17},"end":{"line":377,"column":5}},"76":{"start":{"line":378,"column":4},"end":{"line":378,"column":21}},"77":{"start":{"line":381,"column":30},"end":{"line":385,"column":5}},"78":{"start":{"line":386,"column":4},"end":{"line":386,"column":52}},"79":{"start":{"line":386,"column":27},"end":{"line":386,"column":52}},"80":{"start":{"line":388,"column":25},"end":{"line":393,"column":5}},"81":{"start":{"line":394,"column":4},"end":{"line":394,"column":40}},"82":{"start":{"line":397,"column":29},"end":{"line":401,"column":5}},"83":{"start":{"line":402,"column":4},"end":{"line":402,"column":50}},"84":{"start":{"line":402,"column":26},"end":{"line":402,"column":50}},"85":{"start":{"line":404,"column":24},"end":{"line":408,"column":5}},"86":{"start":{"line":409,"column":4},"end":{"line":409,"column":38}},"87":{"start":{"line":412,"column":32},"end":{"line":416,"column":5}},"88":{"start":{"line":417,"column":4},"end":{"line":417,"column":56}},"89":{"start":{"line":417,"column":29},"end":{"line":417,"column":56}},"90":{"start":{"line":419,"column":27},"end":{"line":424,"column":5}},"91":{"start":{"line":425,"column":4},"end":{"line":425,"column":44}},"92":{"start":{"line":428,"column":4},"end":{"line":428,"column":34}},"93":{"start":{"line":431,"column":4},"end":{"line":441,"column":6}},"94":{"start":{"line":443,"column":4},"end":{"line":446,"column":6}},"95":{"start":{"line":456,"column":19},"end":{"line":478,"column":1}},"96":{"start":{"line":457,"column":2},"end":{"line":477,"column":3}},"97":{"start":{"line":458,"column":22},"end":{"line":458,"column":72}},"98":{"start":{"line":458,"column":48},"end":{"line":458,"column":71}},"99":{"start":{"line":459,"column":4},"end":{"line":470,"column":5}},"100":{"start":{"line":460,"column":6},"end":{"line":460,"column":65}},"101":{"start":{"line":463,"column":6},"end":{"line":463,"column":36}},"102":{"start":{"line":465,"column":6},"end":{"line":469,"column":8}},"103":{"start":{"line":471,"column":4},"end":{"line":471,"column":80}},"104":{"start":{"line":473,"column":4},"end":{"line":476,"column":6}},"105":{"start":{"line":485,"column":19},"end":{"line":507,"column":1}},"106":{"start":{"line":486,"column":2},"end":{"line":506,"column":3}},"107":{"start":{"line":487,"column":22},"end":{"line":487,"column":72}},"108":{"start":{"line":487,"column":48},"end":{"line":487,"column":71}},"109":{"start":{"line":488,"column":4},"end":{"line":499,"column":5}},"110":{"start":{"line":489,"column":26},"end":{"line":489,"column":55}},"111":{"start":{"line":492,"column":6},"end":{"line":492,"column":36}},"112":{"start":{"line":494,"column":6},"end":{"line":498,"column":8}},"113":{"start":{"line":500,"column":4},"end":{"line":500,"column":80}},"114":{"start":{"line":502,"column":4},"end":{"line":505,"column":6}},"115":{"start":{"line":525,"column":31},"end":{"line":538,"column":1}},"116":{"start":{"line":526,"column":2},"end":{"line":537,"column":3}},"117":{"start":{"line":527,"column":4},"end":{"line":531,"column":6}},"118":{"start":{"line":533,"column":4},"end":{"line":536,"column":6}},"119":{"start":{"line":545,"column":32},"end":{"line":566,"column":1}},"120":{"start":{"line":546,"column":2},"end":{"line":565,"column":3}},"121":{"start":{"line":547,"column":25},"end":{"line":549,"column":5}},"122":{"start":{"line":548,"column":16},"end":{"line":548,"column":39}},"123":{"start":{"line":550,"column":4},"end":{"line":559,"column":10}},"124":{"start":{"line":561,"column":4},"end":{"line":564,"column":6}},"125":{"start":{"line":574,"column":31},"end":{"line":615,"column":1}},"126":{"start":{"line":575,"column":2},"end":{"line":614,"column":3}},"127":{"start":{"line":577,"column":4},"end":{"line":582,"column":5}},"128":{"start":{"line":578,"column":6},"end":{"line":581,"column":8}},"129":{"start":{"line":584,"column":22},"end":{"line":586,"column":5}},"130":{"start":{"line":585,"column":16},"end":{"line":585,"column":39}},"131":{"start":{"line":588,"column":4},"end":{"line":603,"column":5}},"132":{"start":{"line":590,"column":6},"end":{"line":593,"column":8}},"133":{"start":{"line":596,"column":6},"end":{"line":596,"column":36}},"134":{"start":{"line":598,"column":6},"end":{"line":602,"column":8}},"135":{"start":{"line":605,"column":4},"end":{"line":608,"column":6}},"136":{"start":{"line":610,"column":4},"end":{"line":613,"column":6}},"137":{"start":{"line":630,"column":30},"end":{"line":643,"column":1}},"138":{"start":{"line":631,"column":2},"end":{"line":642,"column":3}},"139":{"start":{"line":632,"column":4},"end":{"line":636,"column":6}},"140":{"start":{"line":638,"column":4},"end":{"line":641,"column":6}},"141":{"start":{"line":650,"column":31},"end":{"line":669,"column":1}},"142":{"start":{"line":651,"column":2},"end":{"line":668,"column":3}},"143":{"start":{"line":652,"column":24},"end":{"line":652,"column":79}},"144":{"start":{"line":652,"column":55},"end":{"line":652,"column":78}},"145":{"start":{"line":653,"column":4},"end":{"line":662,"column":10}},"146":{"start":{"line":664,"column":4},"end":{"line":667,"column":6}},"147":{"start":{"line":677,"column":30},"end":{"line":718,"column":1}},"148":{"start":{"line":678,"column":2},"end":{"line":717,"column":3}},"149":{"start":{"line":680,"column":4},"end":{"line":685,"column":5}},"150":{"start":{"line":681,"column":6},"end":{"line":684,"column":8}},"151":{"start":{"line":687,"column":22},"end":{"line":689,"column":5}},"152":{"start":{"line":688,"column":16},"end":{"line":688,"column":39}},"153":{"start":{"line":691,"column":4},"end":{"line":706,"column":5}},"154":{"start":{"line":693,"column":6},"end":{"line":696,"column":8}},"155":{"start":{"line":699,"column":6},"end":{"line":699,"column":36}},"156":{"start":{"line":701,"column":6},"end":{"line":705,"column":8}},"157":{"start":{"line":708,"column":4},"end":{"line":711,"column":6}},"158":{"start":{"line":713,"column":4},"end":{"line":716,"column":6}},"159":{"start":{"line":729,"column":33},"end":{"line":742,"column":1}},"160":{"start":{"line":730,"column":2},"end":{"line":741,"column":3}},"161":{"start":{"line":731,"column":4},"end":{"line":735,"column":6}},"162":{"start":{"line":737,"column":4},"end":{"line":740,"column":6}},"163":{"start":{"line":749,"column":34},"end":{"line":770,"column":1}},"164":{"start":{"line":750,"column":2},"end":{"line":769,"column":3}},"165":{"start":{"line":751,"column":27},"end":{"line":753,"column":5}},"166":{"start":{"line":752,"column":16},"end":{"line":752,"column":39}},"167":{"start":{"line":754,"column":4},"end":{"line":763,"column":10}},"168":{"start":{"line":765,"column":4},"end":{"line":768,"column":6}},"169":{"start":{"line":778,"column":33},"end":{"line":819,"column":1}},"170":{"start":{"line":779,"column":2},"end":{"line":818,"column":3}},"171":{"start":{"line":781,"column":4},"end":{"line":786,"column":5}},"172":{"start":{"line":782,"column":6},"end":{"line":785,"column":8}},"173":{"start":{"line":788,"column":22},"end":{"line":790,"column":5}},"174":{"start":{"line":789,"column":16},"end":{"line":789,"column":39}},"175":{"start":{"line":792,"column":4},"end":{"line":807,"column":5}},"176":{"start":{"line":794,"column":6},"end":{"line":797,"column":8}},"177":{"start":{"line":800,"column":6},"end":{"line":800,"column":36}},"178":{"start":{"line":802,"column":6},"end":{"line":806,"column":8}},"179":{"start":{"line":809,"column":4},"end":{"line":812,"column":6}},"180":{"start":{"line":814,"column":4},"end":{"line":817,"column":6}},"181":{"start":{"line":834,"column":20},"end":{"line":847,"column":1}},"182":{"start":{"line":835,"column":2},"end":{"line":846,"column":3}},"183":{"start":{"line":836,"column":4},"end":{"line":840,"column":6}},"184":{"start":{"line":842,"column":4},"end":{"line":845,"column":6}},"185":{"start":{"line":854,"column":20},"end":{"line":870,"column":1}},"186":{"start":{"line":855,"column":2},"end":{"line":869,"column":3}},"187":{"start":{"line":856,"column":17},"end":{"line":856,"column":62}},"188":{"start":{"line":856,"column":38},"end":{"line":856,"column":61}},"189":{"start":{"line":857,"column":4},"end":{"line":863,"column":75}},"190":{"start":{"line":865,"column":4},"end":{"line":868,"column":6}},"191":{"start":{"line":877,"column":19},"end":{"line":906,"column":1}},"192":{"start":{"line":878,"column":2},"end":{"line":905,"column":3}},"193":{"start":{"line":880,"column":18},"end":{"line":885,"column":6}},"194":{"start":{"line":886,"column":4},"end":{"line":886,"column":28}},"195":{"start":{"line":886,"column":15},"end":{"line":886,"column":28}},"196":{"start":{"line":888,"column":22},"end":{"line":888,"column":38}},"197":{"start":{"line":889,"column":17},"end":{"line":889,"column":51}},"198":{"start":{"line":890,"column":4},"end":{"line":890,"column":21}},"199":{"start":{"line":893,"column":4},"end":{"line":893,"column":34}},"200":{"start":{"line":895,"column":4},"end":{"line":899,"column":6}},"201":{"start":{"line":901,"column":4},"end":{"line":904,"column":6}},"202":{"start":{"line":914,"column":19},"end":{"line":952,"column":1}},"203":{"start":{"line":915,"column":2},"end":{"line":951,"column":3}},"204":{"start":{"line":916,"column":4},"end":{"line":921,"column":5}},"205":{"start":{"line":917,"column":6},"end":{"line":920,"column":8}},"206":{"start":{"line":923,"column":22},"end":{"line":923,"column":72}},"207":{"start":{"line":923,"column":48},"end":{"line":923,"column":71}},"208":{"start":{"line":925,"column":4},"end":{"line":927,"column":5}},"209":{"start":{"line":926,"column":6},"end":{"line":926,"column":80}},"210":{"start":{"line":930,"column":4},"end":{"line":933,"column":5}},"211":{"start":{"line":931,"column":20},"end":{"line":931,"column":55}},"212":{"start":{"line":932,"column":6},"end":{"line":932,"column":30}},"213":{"start":{"line":932,"column":17},"end":{"line":932,"column":30}},"214":{"start":{"line":936,"column":4},"end":{"line":936,"column":63}},"215":{"start":{"line":939,"column":4},"end":{"line":939,"column":34}},"216":{"start":{"line":941,"column":4},"end":{"line":945,"column":6}},"217":{"start":{"line":947,"column":4},"end":{"line":950,"column":6}},"218":{"start":{"line":959,"column":19},"end":{"line":988,"column":1}},"219":{"start":{"line":960,"column":2},"end":{"line":987,"column":3}},"220":{"start":{"line":961,"column":4},"end":{"line":966,"column":5}},"221":{"start":{"line":962,"column":6},"end":{"line":965,"column":8}},"222":{"start":{"line":968,"column":22},"end":{"line":968,"column":72}},"223":{"start":{"line":968,"column":48},"end":{"line":968,"column":71}},"224":{"start":{"line":969,"column":4},"end":{"line":980,"column":5}},"225":{"start":{"line":970,"column":26},"end":{"line":970,"column":55}},"226":{"start":{"line":973,"column":6},"end":{"line":973,"column":36}},"227":{"start":{"line":975,"column":6},"end":{"line":979,"column":8}},"228":{"start":{"line":981,"column":4},"end":{"line":981,"column":78}},"229":{"start":{"line":983,"column":4},"end":{"line":986,"column":6}}},"fnMap":{"0":{"name":"(anonymous_0)","decl":{"start":{"line":47,"column":28},"end":{"line":47,"column":29}},"loc":{"start":{"line":47,"column":50},"end":{"line":51,"column":1}},"line":47},"1":{"name":"(anonymous_1)","decl":{"start":{"line":60,"column":22},"end":{"line":60,"column":23}},"loc":{"start":{"line":60,"column":61},"end":{"line":93,"column":1}},"line":60},"2":{"name":"(anonymous_2)","decl":{"start":{"line":109,"column":22},"end":{"line":109,"column":23}},"loc":{"start":{"line":109,"column":34},"end":{"line":112,"column":1}},"line":109},"3":{"name":"(anonymous_3)","decl":{"start":{"line":119,"column":20},"end":{"line":119,"column":21}},"loc":{"start":{"line":119,"column":31},"end":{"line":181,"column":1}},"line":119},"4":{"name":"(anonymous_4)","decl":{"start":{"line":153,"column":6},"end":{"line":153,"column":7}},"loc":{"start":{"line":153,"column":16},"end":{"line":153,"column":39}},"line":153},"5":{"name":"(anonymous_5)","decl":{"start":{"line":155,"column":45},"end":{"line":155,"column":46}},"loc":{"start":{"line":155,"column":55},"end":{"line":155,"column":78}},"line":155},"6":{"name":"(anonymous_6)","decl":{"start":{"line":157,"column":6},"end":{"line":157,"column":7}},"loc":{"start":{"line":157,"column":16},"end":{"line":157,"column":39}},"line":157},"7":{"name":"(anonymous_7)","decl":{"start":{"line":159,"column":31},"end":{"line":159,"column":32}},"loc":{"start":{"line":159,"column":41},"end":{"line":159,"column":64}},"line":159},"8":{"name":"(anonymous_8)","decl":{"start":{"line":200,"column":18},"end":{"line":200,"column":19}},"loc":{"start":{"line":200,"column":42},"end":{"line":229,"column":1}},"line":200},"9":{"name":"(anonymous_9)","decl":{"start":{"line":202,"column":28},"end":{"line":202,"column":29}},"loc":{"start":{"line":202,"column":38},"end":{"line":202,"column":64}},"line":202},"10":{"name":"(anonymous_10)","decl":{"start":{"line":235,"column":20},"end":{"line":235,"column":21}},"loc":{"start":{"line":235,"column":26},"end":{"line":248,"column":1}},"line":235},"11":{"name":"(anonymous_11)","decl":{"start":{"line":255,"column":20},"end":{"line":255,"column":21}},"loc":{"start":{"line":255,"column":32},"end":{"line":271,"column":1}},"line":255},"12":{"name":"(anonymous_12)","decl":{"start":{"line":257,"column":28},"end":{"line":257,"column":29}},"loc":{"start":{"line":257,"column":38},"end":{"line":257,"column":61}},"line":257},"13":{"name":"(anonymous_13)","decl":{"start":{"line":347,"column":19},"end":{"line":347,"column":20}},"loc":{"start":{"line":347,"column":32},"end":{"line":448,"column":1}},"line":347},"14":{"name":"(anonymous_14)","decl":{"start":{"line":359,"column":6},"end":{"line":359,"column":7}},"loc":{"start":{"line":359,"column":16},"end":{"line":359,"column":50}},"line":359},"15":{"name":"(anonymous_15)","decl":{"start":{"line":456,"column":19},"end":{"line":456,"column":20}},"loc":{"start":{"line":456,"column":44},"end":{"line":478,"column":1}},"line":456},"16":{"name":"(anonymous_16)","decl":{"start":{"line":458,"column":38},"end":{"line":458,"column":39}},"loc":{"start":{"line":458,"column":48},"end":{"line":458,"column":71}},"line":458},"17":{"name":"(anonymous_17)","decl":{"start":{"line":485,"column":19},"end":{"line":485,"column":20}},"loc":{"start":{"line":485,"column":31},"end":{"line":507,"column":1}},"line":485},"18":{"name":"(anonymous_18)","decl":{"start":{"line":487,"column":38},"end":{"line":487,"column":39}},"loc":{"start":{"line":487,"column":48},"end":{"line":487,"column":71}},"line":487},"19":{"name":"(anonymous_19)","decl":{"start":{"line":525,"column":31},"end":{"line":525,"column":32}},"loc":{"start":{"line":525,"column":37},"end":{"line":538,"column":1}},"line":525},"20":{"name":"(anonymous_20)","decl":{"start":{"line":545,"column":32},"end":{"line":545,"column":33}},"loc":{"start":{"line":545,"column":44},"end":{"line":566,"column":1}},"line":545},"21":{"name":"(anonymous_21)","decl":{"start":{"line":548,"column":6},"end":{"line":548,"column":7}},"loc":{"start":{"line":548,"column":16},"end":{"line":548,"column":39}},"line":548},"22":{"name":"(anonymous_22)","decl":{"start":{"line":574,"column":31},"end":{"line":574,"column":32}},"loc":{"start":{"line":574,"column":56},"end":{"line":615,"column":1}},"line":574},"23":{"name":"(anonymous_23)","decl":{"start":{"line":585,"column":6},"end":{"line":585,"column":7}},"loc":{"start":{"line":585,"column":16},"end":{"line":585,"column":39}},"line":585},"24":{"name":"(anonymous_24)","decl":{"start":{"line":630,"column":30},"end":{"line":630,"column":31}},"loc":{"start":{"line":630,"column":36},"end":{"line":643,"column":1}},"line":630},"25":{"name":"(anonymous_25)","decl":{"start":{"line":650,"column":31},"end":{"line":650,"column":32}},"loc":{"start":{"line":650,"column":43},"end":{"line":669,"column":1}},"line":650},"26":{"name":"(anonymous_26)","decl":{"start":{"line":652,"column":45},"end":{"line":652,"column":46}},"loc":{"start":{"line":652,"column":55},"end":{"line":652,"column":78}},"line":652},"27":{"name":"(anonymous_27)","decl":{"start":{"line":677,"column":30},"end":{"line":677,"column":31}},"loc":{"start":{"line":677,"column":55},"end":{"line":718,"column":1}},"line":677},"28":{"name":"(anonymous_28)","decl":{"start":{"line":688,"column":6},"end":{"line":688,"column":7}},"loc":{"start":{"line":688,"column":16},"end":{"line":688,"column":39}},"line":688},"29":{"name":"(anonymous_29)","decl":{"start":{"line":729,"column":33},"end":{"line":729,"column":34}},"loc":{"start":{"line":729,"column":39},"end":{"line":742,"column":1}},"line":729},"30":{"name":"(anonymous_30)","decl":{"start":{"line":749,"column":34},"end":{"line":749,"column":35}},"loc":{"start":{"line":749,"column":46},"end":{"line":770,"column":1}},"line":749},"31":{"name":"(anonymous_31)","decl":{"start":{"line":752,"column":6},"end":{"line":752,"column":7}},"loc":{"start":{"line":752,"column":16},"end":{"line":752,"column":39}},"line":752},"32":{"name":"(anonymous_32)","decl":{"start":{"line":778,"column":33},"end":{"line":778,"column":34}},"loc":{"start":{"line":778,"column":58},"end":{"line":819,"column":1}},"line":778},"33":{"name":"(anonymous_33)","decl":{"start":{"line":789,"column":6},"end":{"line":789,"column":7}},"loc":{"start":{"line":789,"column":16},"end":{"line":789,"column":39}},"line":789},"34":{"name":"(anonymous_34)","decl":{"start":{"line":834,"column":20},"end":{"line":834,"column":21}},"loc":{"start":{"line":834,"column":26},"end":{"line":847,"column":1}},"line":834},"35":{"name":"(anonymous_35)","decl":{"start":{"line":854,"column":20},"end":{"line":854,"column":21}},"loc":{"start":{"line":854,"column":32},"end":{"line":870,"column":1}},"line":854},"36":{"name":"(anonymous_36)","decl":{"start":{"line":856,"column":28},"end":{"line":856,"column":29}},"loc":{"start":{"line":856,"column":38},"end":{"line":856,"column":61}},"line":856},"37":{"name":"(anonymous_37)","decl":{"start":{"line":877,"column":19},"end":{"line":877,"column":20}},"loc":{"start":{"line":877,"column":32},"end":{"line":906,"column":1}},"line":877},"38":{"name":"(anonymous_38)","decl":{"start":{"line":914,"column":19},"end":{"line":914,"column":20}},"loc":{"start":{"line":914,"column":44},"end":{"line":952,"column":1}},"line":914},"39":{"name":"(anonymous_39)","decl":{"start":{"line":923,"column":38},"end":{"line":923,"column":39}},"loc":{"start":{"line":923,"column":48},"end":{"line":923,"column":71}},"line":923},"40":{"name":"(anonymous_40)","decl":{"start":{"line":959,"column":19},"end":{"line":959,"column":20}},"loc":{"start":{"line":959,"column":31},"end":{"line":988,"column":1}},"line":959},"41":{"name":"(anonymous_41)","decl":{"start":{"line":968,"column":38},"end":{"line":968,"column":39}},"loc":{"start":{"line":968,"column":48},"end":{"line":968,"column":71}},"line":968}},"branchMap":{"0":{"loc":{"start":{"line":60,"column":45},"end":{"line":60,"column":56}},"type":"default-arg","locations":[{"start":{"line":60,"column":54},"end":{"line":60,"column":56}}],"line":60},"1":{"loc":{"start":{"line":65,"column":4},"end":{"line":67,"column":5}},"type":"if","locations":[{"start":{"line":65,"column":4},"end":{"line":67,"column":5}},{"start":{},"end":{}}],"line":65},"2":{"loc":{"start":{"line":75,"column":4},"end":{"line":82,"column":5}},"type":"if","locations":[{"start":{"line":75,"column":4},"end":{"line":82,"column":5}},{"start":{},"end":{}}],"line":75},"3":{"loc":{"start":{"line":76,"column":6},"end":{"line":79,"column":36}},"type":"binary-expr","locations":[{"start":{"line":76,"column":6},"end":{"line":76,"column":11}},{"start":{"line":77,"column":6},"end":{"line":77,"column":17}},{"start":{"line":78,"column":6},"end":{"line":78,"column":23}},{"start":{"line":79,"column":6},"end":{"line":79,"column":36}}],"line":76},"4":{"loc":{"start":{"line":85,"column":2},"end":{"line":90,"column":3}},"type":"if","locations":[{"start":{"line":85,"column":2},"end":{"line":90,"column":3}},{"start":{},"end":{}}],"line":85},"5":{"loc":{"start":{"line":121,"column":4},"end":{"line":126,"column":5}},"type":"if","locations":[{"start":{"line":121,"column":4},"end":{"line":126,"column":5}},{"start":{},"end":{}}],"line":121},"6":{"loc":{"start":{"line":133,"column":4},"end":{"line":138,"column":5}},"type":"if","locations":[{"start":{"line":133,"column":4},"end":{"line":138,"column":5}},{"start":{},"end":{}}],"line":133},"7":{"loc":{"start":{"line":144,"column":4},"end":{"line":149,"column":5}},"type":"if","locations":[{"start":{"line":144,"column":4},"end":{"line":149,"column":5}},{"start":{},"end":{}}],"line":144},"8":{"loc":{"start":{"line":164,"column":20},"end":{"line":164,"column":38}},"type":"binary-expr","locations":[{"start":{"line":164,"column":20},"end":{"line":164,"column":32}},{"start":{"line":164,"column":36},"end":{"line":164,"column":38}}],"line":164},"9":{"loc":{"start":{"line":165,"column":19},"end":{"line":165,"column":36}},"type":"binary-expr","locations":[{"start":{"line":165,"column":19},"end":{"line":165,"column":30}},{"start":{"line":165,"column":34},"end":{"line":165,"column":36}}],"line":165},"10":{"loc":{"start":{"line":166,"column":22},"end":{"line":166,"column":42}},"type":"binary-expr","locations":[{"start":{"line":166,"column":22},"end":{"line":166,"column":36}},{"start":{"line":166,"column":40},"end":{"line":166,"column":42}}],"line":166},"11":{"loc":{"start":{"line":167,"column":13},"end":{"line":167,"column":24}},"type":"binary-expr","locations":[{"start":{"line":167,"column":13},"end":{"line":167,"column":18}},{"start":{"line":167,"column":22},"end":{"line":167,"column":24}}],"line":167},"12":{"loc":{"start":{"line":202,"column":17},"end":{"line":202,"column":73}},"type":"binary-expr","locations":[{"start":{"line":202,"column":17},"end":{"line":202,"column":65}},{"start":{"line":202,"column":69},"end":{"line":202,"column":73}}],"line":202},"13":{"loc":{"start":{"line":203,"column":4},"end":{"line":208,"column":5}},"type":"if","locations":[{"start":{"line":203,"column":4},"end":{"line":208,"column":5}},{"start":{},"end":{}}],"line":203},"14":{"loc":{"start":{"line":211,"column":4},"end":{"line":216,"column":5}},"type":"if","locations":[{"start":{"line":211,"column":4},"end":{"line":216,"column":5}},{"start":{},"end":{}}],"line":211},"15":{"loc":{"start":{"line":257,"column":17},"end":{"line":257,"column":70}},"type":"binary-expr","locations":[{"start":{"line":257,"column":17},"end":{"line":257,"column":62}},{"start":{"line":257,"column":66},"end":{"line":257,"column":70}}],"line":257},"16":{"loc":{"start":{"line":258,"column":11},"end":{"line":264,"column":76}},"type":"cond-expr","locations":[{"start":{"line":259,"column":8},"end":{"line":263,"column":9}},{"start":{"line":264,"column":8},"end":{"line":264,"column":76}}],"line":258},"17":{"loc":{"start":{"line":355,"column":4},"end":{"line":355,"column":36}},"type":"if","locations":[{"start":{"line":355,"column":4},"end":{"line":355,"column":36}},{"start":{},"end":{}}],"line":355},"18":{"loc":{"start":{"line":361,"column":4},"end":{"line":366,"column":5}},"type":"if","locations":[{"start":{"line":361,"column":4},"end":{"line":366,"column":5}},{"start":{},"end":{}}],"line":361},"19":{"loc":{"start":{"line":382,"column":6},"end":{"line":382,"column":32}},"type":"binary-expr","locations":[{"start":{"line":382,"column":6},"end":{"line":382,"column":26}},{"start":{"line":382,"column":30},"end":{"line":382,"column":32}}],"line":382},"20":{"loc":{"start":{"line":386,"column":4},"end":{"line":386,"column":52}},"type":"if","locations":[{"start":{"line":386,"column":4},"end":{"line":386,"column":52}},{"start":{},"end":{}}],"line":386},"21":{"loc":{"start":{"line":390,"column":18},"end":{"line":390,"column":56}},"type":"binary-expr","locations":[{"start":{"line":390,"column":18},"end":{"line":390,"column":50}},{"start":{"line":390,"column":54},"end":{"line":390,"column":56}}],"line":390},"22":{"loc":{"start":{"line":391,"column":17},"end":{"line":391,"column":54}},"type":"binary-expr","locations":[{"start":{"line":391,"column":17},"end":{"line":391,"column":48}},{"start":{"line":391,"column":52},"end":{"line":391,"column":54}}],"line":391},"23":{"loc":{"start":{"line":392,"column":19},"end":{"line":392,"column":58}},"type":"binary-expr","locations":[{"start":{"line":392,"column":19},"end":{"line":392,"column":52}},{"start":{"line":392,"column":56},"end":{"line":392,"column":58}}],"line":392},"24":{"loc":{"start":{"line":398,"column":6},"end":{"line":398,"column":31}},"type":"binary-expr","locations":[{"start":{"line":398,"column":6},"end":{"line":398,"column":25}},{"start":{"line":398,"column":29},"end":{"line":398,"column":31}}],"line":398},"25":{"loc":{"start":{"line":402,"column":4},"end":{"line":402,"column":50}},"type":"if","locations":[{"start":{"line":402,"column":4},"end":{"line":402,"column":50}},{"start":{},"end":{}}],"line":402},"26":{"loc":{"start":{"line":406,"column":13},"end":{"line":406,"column":45}},"type":"binary-expr","locations":[{"start":{"line":406,"column":13},"end":{"line":406,"column":39}},{"start":{"line":406,"column":43},"end":{"line":406,"column":45}}],"line":406},"27":{"loc":{"start":{"line":407,"column":20},"end":{"line":407,"column":59}},"type":"binary-expr","locations":[{"start":{"line":407,"column":20},"end":{"line":407,"column":53}},{"start":{"line":407,"column":57},"end":{"line":407,"column":59}}],"line":407},"28":{"loc":{"start":{"line":413,"column":6},"end":{"line":413,"column":34}},"type":"binary-expr","locations":[{"start":{"line":413,"column":6},"end":{"line":413,"column":28}},{"start":{"line":413,"column":32},"end":{"line":413,"column":34}}],"line":413},"29":{"loc":{"start":{"line":417,"column":4},"end":{"line":417,"column":56}},"type":"if","locations":[{"start":{"line":417,"column":4},"end":{"line":417,"column":56}},{"start":{},"end":{}}],"line":417},"30":{"loc":{"start":{"line":421,"column":11},"end":{"line":421,"column":44}},"type":"binary-expr","locations":[{"start":{"line":421,"column":11},"end":{"line":421,"column":38}},{"start":{"line":421,"column":42},"end":{"line":421,"column":44}}],"line":421},"31":{"loc":{"start":{"line":422,"column":15},"end":{"line":422,"column":52}},"type":"binary-expr","locations":[{"start":{"line":422,"column":15},"end":{"line":422,"column":46}},{"start":{"line":422,"column":50},"end":{"line":422,"column":52}}],"line":422},"32":{"loc":{"start":{"line":423,"column":19},"end":{"line":423,"column":60}},"type":"binary-expr","locations":[{"start":{"line":423,"column":19},"end":{"line":423,"column":54}},{"start":{"line":423,"column":58},"end":{"line":423,"column":60}}],"line":423},"33":{"loc":{"start":{"line":459,"column":4},"end":{"line":470,"column":5}},"type":"if","locations":[{"start":{"line":459,"column":4},"end":{"line":470,"column":5}},{"start":{},"end":{}}],"line":459},"34":{"loc":{"start":{"line":488,"column":4},"end":{"line":499,"column":5}},"type":"if","locations":[{"start":{"line":488,"column":4},"end":{"line":499,"column":5}},{"start":{},"end":{}}],"line":488},"35":{"loc":{"start":{"line":550,"column":11},"end":{"line":559,"column":9}},"type":"cond-expr","locations":[{"start":{"line":551,"column":8},"end":{"line":555,"column":9}},{"start":{"line":556,"column":8},"end":{"line":559,"column":9}}],"line":550},"36":{"loc":{"start":{"line":577,"column":4},"end":{"line":582,"column":5}},"type":"if","locations":[{"start":{"line":577,"column":4},"end":{"line":582,"column":5}},{"start":{},"end":{}}],"line":577},"37":{"loc":{"start":{"line":588,"column":4},"end":{"line":603,"column":5}},"type":"if","locations":[{"start":{"line":588,"column":4},"end":{"line":603,"column":5}},{"start":{},"end":{}}],"line":588},"38":{"loc":{"start":{"line":653,"column":11},"end":{"line":662,"column":9}},"type":"cond-expr","locations":[{"start":{"line":654,"column":8},"end":{"line":658,"column":9}},{"start":{"line":659,"column":8},"end":{"line":662,"column":9}}],"line":653},"39":{"loc":{"start":{"line":680,"column":4},"end":{"line":685,"column":5}},"type":"if","locations":[{"start":{"line":680,"column":4},"end":{"line":685,"column":5}},{"start":{},"end":{}}],"line":680},"40":{"loc":{"start":{"line":691,"column":4},"end":{"line":706,"column":5}},"type":"if","locations":[{"start":{"line":691,"column":4},"end":{"line":706,"column":5}},{"start":{},"end":{}}],"line":691},"41":{"loc":{"start":{"line":754,"column":11},"end":{"line":763,"column":9}},"type":"cond-expr","locations":[{"start":{"line":755,"column":8},"end":{"line":759,"column":9}},{"start":{"line":760,"column":8},"end":{"line":763,"column":9}}],"line":754},"42":{"loc":{"start":{"line":781,"column":4},"end":{"line":786,"column":5}},"type":"if","locations":[{"start":{"line":781,"column":4},"end":{"line":786,"column":5}},{"start":{},"end":{}}],"line":781},"43":{"loc":{"start":{"line":792,"column":4},"end":{"line":807,"column":5}},"type":"if","locations":[{"start":{"line":792,"column":4},"end":{"line":807,"column":5}},{"start":{},"end":{}}],"line":792},"44":{"loc":{"start":{"line":857,"column":11},"end":{"line":863,"column":74}},"type":"cond-expr","locations":[{"start":{"line":858,"column":8},"end":{"line":862,"column":9}},{"start":{"line":863,"column":8},"end":{"line":863,"column":74}}],"line":857},"45":{"loc":{"start":{"line":886,"column":4},"end":{"line":886,"column":28}},"type":"if","locations":[{"start":{"line":886,"column":4},"end":{"line":886,"column":28}},{"start":{},"end":{}}],"line":886},"46":{"loc":{"start":{"line":916,"column":4},"end":{"line":921,"column":5}},"type":"if","locations":[{"start":{"line":916,"column":4},"end":{"line":921,"column":5}},{"start":{},"end":{}}],"line":916},"47":{"loc":{"start":{"line":925,"column":4},"end":{"line":927,"column":5}},"type":"if","locations":[{"start":{"line":925,"column":4},"end":{"line":927,"column":5}},{"start":{},"end":{}}],"line":925},"48":{"loc":{"start":{"line":932,"column":6},"end":{"line":932,"column":30}},"type":"if","locations":[{"start":{"line":932,"column":6},"end":{"line":932,"column":30}},{"start":{},"end":{}}],"line":932},"49":{"loc":{"start":{"line":961,"column":4},"end":{"line":966,"column":5}},"type":"if","locations":[{"start":{"line":961,"column":4},"end":{"line":966,"column":5}},{"start":{},"end":{}}],"line":961},"50":{"loc":{"start":{"line":961,"column":8},"end":{"line":961,"column":49}},"type":"binary-expr","locations":[{"start":{"line":961,"column":8},"end":{"line":961,"column":34}},{"start":{"line":961,"column":38},"end":{"line":961,"column":49}}],"line":961},"51":{"loc":{"start":{"line":969,"column":4},"end":{"line":980,"column":5}},"type":"if","locations":[{"start":{"line":969,"column":4},"end":{"line":980,"column":5}},{"start":{},"end":{}}],"line":969}},"s":{"0":1,"1":1,"2":1,"3":39,"4":1,"5":22,"6":22,"7":61,"8":5,"9":22,"10":61,"11":61,"12":61,"13":8,"14":22,"15":9,"16":13,"17":1,"18":7,"19":7,"20":1,"21":6,"22":6,"23":1,"24":5,"25":4,"26":4,"27":4,"28":1,"29":3,"30":3,"31":3,"32":1,"33":2,"34":2,"35":2,"36":2,"37":2,"38":2,"39":2,"40":6,"41":2,"42":2,"43":1,"44":1,"45":7,"46":7,"47":33,"48":6,"49":3,"50":3,"51":2,"52":1,"53":1,"54":1,"55":2,"56":2,"57":0,"58":1,"59":6,"60":6,"61":11,"62":5,"63":1,"64":1,"65":1,"66":11,"67":11,"68":11,"69":5,"70":6,"71":38,"72":6,"73":1,"74":5,"75":5,"76":5,"77":4,"78":4,"79":2,"80":2,"81":2,"82":2,"83":2,"84":1,"85":1,"86":1,"87":1,"88":1,"89":0,"90":1,"91":1,"92":1,"93":1,"94":1,"95":1,"96":3,"97":3,"98":9,"99":2,"100":1,"101":1,"102":1,"103":1,"104":1,"105":1,"106":3,"107":3,"108":16,"109":3,"110":2,"111":1,"112":1,"113":1,"114":1,"115":1,"116":1,"117":1,"118":0,"119":1,"120":2,"121":2,"122":7,"123":2,"124":0,"125":1,"126":2,"127":2,"128":0,"129":2,"130":7,"131":2,"132":1,"133":1,"134":1,"135":1,"136":0,"137":1,"138":1,"139":1,"140":0,"141":1,"142":2,"143":2,"144":6,"145":2,"146":0,"147":1,"148":2,"149":2,"150":0,"151":2,"152":6,"153":2,"154":1,"155":1,"156":1,"157":1,"158":0,"159":1,"160":1,"161":1,"162":0,"163":1,"164":2,"165":2,"166":6,"167":2,"168":0,"169":1,"170":2,"171":2,"172":0,"173":2,"174":6,"175":2,"176":1,"177":1,"178":1,"179":1,"180":0,"181":1,"182":1,"183":1,"184":0,"185":1,"186":2,"187":2,"188":8,"189":2,"190":0,"191":1,"192":3,"193":3,"194":3,"195":1,"196":2,"197":2,"198":2,"199":2,"200":2,"201":0,"202":1,"203":3,"204":3,"205":1,"206":2,"207":9,"208":2,"209":1,"210":1,"211":1,"212":1,"213":0,"214":1,"215":1,"216":1,"217":0,"218":1,"219":3,"220":3,"221":1,"222":2,"223":8,"224":2,"225":1,"226":1,"227":1,"228":1,"229":0},"f":{"0":39,"1":22,"2":7,"3":6,"4":2,"5":2,"6":2,"7":6,"8":7,"9":33,"10":2,"11":6,"12":11,"13":11,"14":38,"15":3,"16":9,"17":3,"18":16,"19":1,"20":2,"21":7,"22":2,"23":7,"24":1,"25":2,"26":6,"27":2,"28":6,"29":1,"30":2,"31":6,"32":2,"33":6,"34":1,"35":2,"36":8,"37":3,"38":3,"39":9,"40":3,"41":8},"b":{"0":[4],"1":[5,56],"2":[8,53],"3":[61,56,44,44],"4":[9,13],"5":[1,5],"6":[1,3],"7":[1,2],"8":[2,0],"9":[2,0],"10":[2,0],"11":[2,0],"12":[7,3],"13":[3,3],"14":[2,1],"15":[6,2],"16":[3,2],"17":[5,6],"18":[1,5],"19":[4,1],"20":[2,2],"21":[2,0],"22":[2,0],"23":[2,2],"24":[2,0],"25":[1,1],"26":[1,0],"27":[1,0],"28":[1,0],"29":[0,1],"30":[1,0],"31":[1,0],"32":[1,0],"33":[1,1],"34":[2,1],"35":[1,1],"36":[0,2],"37":[1,1],"38":[1,1],"39":[0,2],"40":[1,1],"41":[1,1],"42":[0,2],"43":[1,1],"44":[1,1],"45":[1,2],"46":[1,2],"47":[1,1],"48":[0,1],"49":[1,2],"50":[3,2],"51":[1,1]},"_coverageSchema":"1a1c01bbd47fc00a2c39e90264f33305004495a9","hash":"f53d541aa52bd5283ddd0fe14b02233b54ad0a13"}
,"C:\\Users\\Eloy\\Desktop\\CURSOS\\DevelHope\\FullStack\\sharedFolder\\FS-ESP10-Team2-Project3\\my-react-app\\src\\data_base\\mockTables.mjs": {"path":"C:\\Users\\Eloy\\Desktop\\CURSOS\\DevelHope\\FullStack\\sharedFolder\\FS-ESP10-Team2-Project3\\my-react-app\\src\\data_base\\mockTables.mjs","statementMap":{"0":{"start":{"line":2,"column":29},"end":{"line":5,"column":1}},"1":{"start":{"line":3,"column":26},"end":{"line":3,"column":51}},"2":{"start":{"line":4,"column":2},"end":{"line":4,"column":70}},"3":{"start":{"line":8,"column":27},"end":{"line":10,"column":1}},"4":{"start":{"line":9,"column":2},"end":{"line":9,"column":50}},"5":{"start":{"line":13,"column":21},"end":{"line":38,"column":1}},"6":{"start":{"line":40,"column":32},"end":{"line":65,"column":1}},"7":{"start":{"line":67,"column":31},"end":{"line":88,"column":1}},"8":{"start":{"line":90,"column":34},"end":{"line":115,"column":1}},"9":{"start":{"line":117,"column":21},"end":{"line":139,"column":1}},"10":{"start":{"line":142,"column":21},"end":{"line":142,"column":64}},"11":{"start":{"line":143,"column":32},"end":{"line":146,"column":1}},"12":{"start":{"line":147,"column":31},"end":{"line":150,"column":1}},"13":{"start":{"line":151,"column":34},"end":{"line":154,"column":1}},"14":{"start":{"line":155,"column":21},"end":{"line":155,"column":64}},"15":{"start":{"line":158,"column":43},"end":{"line":164,"column":1}},"16":{"start":{"line":159,"column":2},"end":{"line":159,"column":37}},"17":{"start":{"line":160,"column":2},"end":{"line":160,"column":59}},"18":{"start":{"line":161,"column":2},"end":{"line":161,"column":57}},"19":{"start":{"line":162,"column":2},"end":{"line":162,"column":63}},"20":{"start":{"line":163,"column":2},"end":{"line":163,"column":37}},"21":{"start":{"line":167,"column":40},"end":{"line":189,"column":1}},"22":{"start":{"line":168,"column":2},"end":{"line":168,"column":69}},"23":{"start":{"line":169,"column":2},"end":{"line":169,"column":44}},"24":{"start":{"line":170,"column":2},"end":{"line":170,"column":66}},"25":{"start":{"line":171,"column":2},"end":{"line":171,"column":64}},"26":{"start":{"line":172,"column":2},"end":{"line":172,"column":70}},"27":{"start":{"line":173,"column":2},"end":{"line":173,"column":44}},"28":{"start":{"line":176,"column":2},"end":{"line":176,"column":49}},"29":{"start":{"line":177,"column":2},"end":{"line":181,"column":4}},"30":{"start":{"line":182,"column":2},"end":{"line":182,"column":79}},"31":{"start":{"line":183,"column":2},"end":{"line":187,"column":4}},"32":{"start":{"line":188,"column":2},"end":{"line":188,"column":49}}},"fnMap":{"0":{"name":"(anonymous_0)","decl":{"start":{"line":2,"column":29},"end":{"line":2,"column":30}},"loc":{"start":{"line":2,"column":57},"end":{"line":5,"column":1}},"line":2},"1":{"name":"(anonymous_1)","decl":{"start":{"line":8,"column":27},"end":{"line":8,"column":28}},"loc":{"start":{"line":8,"column":42},"end":{"line":10,"column":1}},"line":8},"2":{"name":"(anonymous_2)","decl":{"start":{"line":158,"column":43},"end":{"line":158,"column":44}},"loc":{"start":{"line":158,"column":49},"end":{"line":164,"column":1}},"line":158},"3":{"name":"(anonymous_3)","decl":{"start":{"line":167,"column":40},"end":{"line":167,"column":41}},"loc":{"start":{"line":167,"column":46},"end":{"line":189,"column":1}},"line":167}},"branchMap":{"0":{"loc":{"start":{"line":2,"column":35},"end":{"line":2,"column":52}},"type":"default-arg","locations":[{"start":{"line":2,"column":50},"end":{"line":2,"column":52}}],"line":2},"1":{"loc":{"start":{"line":4,"column":9},"end":{"line":4,"column":69}},"type":"cond-expr","locations":[{"start":{"line":4,"column":27},"end":{"line":4,"column":54}},{"start":{"line":4,"column":57},"end":{"line":4,"column":69}}],"line":4}},"s":{"0":1,"1":5,"2":5,"3":1,"4":55,"5":1,"6":1,"7":1,"8":1,"9":1,"10":1,"11":1,"12":1,"13":1,"14":1,"15":1,"16":10,"17":10,"18":10,"19":10,"20":10,"21":1,"22":1,"23":1,"24":1,"25":1,"26":1,"27":1,"28":1,"29":1,"30":1,"31":1,"32":1},"f":{"0":5,"1":55,"2":10,"3":1},"b":{"0":[0],"1":[0,5]},"_coverageSchema":"1a1c01bbd47fc00a2c39e90264f33305004495a9","hash":"de65bc7edf1fa5e0c772c0ccc2a6494a3c47790d"}
}
