TN:
SF:src\data_base\mockDatabase.mjs
FN:43,(anonymous_0)
FN:56,(anonymous_1)
FN:105,(anonymous_2)
FN:115,(anonymous_3)
FN:149,(anonymous_4)
FN:151,(anonymous_5)
FN:153,(anonymous_6)
FN:155,(anonymous_7)
FN:196,(anonymous_8)
FN:198,(anonymous_9)
FN:231,(anonymous_10)
FN:251,(anonymous_11)
FN:253,(anonymous_12)
FN:295,(anonymous_13)
FN:309,(anonymous_14)
FN:342,(anonymous_15)
FN:344,(anonymous_16)
FN:367,(anonymous_17)
FN:369,(anonymous_18)
FN:403,(anonymous_19)
FN:423,(anonymous_20)
FN:426,(anonymous_21)
FN:452,(anonymous_22)
FN:455,(anonymous_23)
FN:493,(anonymous_24)
FN:513,(anonymous_25)
FN:515,(anonymous_26)
FN:540,(anonymous_27)
FN:543,(anonymous_28)
FN:577,(anonymous_29)
FN:597,(anonymous_30)
FN:600,(anonymous_31)
FN:626,(anonymous_32)
FN:629,(anonymous_33)
FN:667,(anonymous_34)
FN:687,(anonymous_35)
FN:689,(anonymous_36)
FN:710,(anonymous_37)
FN:744,(anonymous_38)
FN:753,(anonymous_39)
FN:784,(anonymous_40)
FN:793,(anonymous_41)
FNF:42
FNH:42
FNDA:31,(anonymous_0)
FNDA:12,(anonymous_1)
FNDA:7,(anonymous_2)
FNDA:6,(anonymous_3)
FNDA:2,(anonymous_4)
FNDA:2,(anonymous_5)
FNDA:2,(anonymous_6)
FNDA:6,(anonymous_7)
FNDA:6,(anonymous_8)
FNDA:33,(anonymous_9)
FNDA:1,(anonymous_10)
FNDA:5,(anonymous_11)
FNDA:11,(anonymous_12)
FNDA:8,(anonymous_13)
FNDA:15,(anonymous_14)
FNDA:2,(anonymous_15)
FNDA:7,(anonymous_16)
FNDA:2,(anonymous_17)
FNDA:6,(anonymous_18)
FNDA:1,(anonymous_19)
FNDA:2,(anonymous_20)
FNDA:5,(anonymous_21)
FNDA:2,(anonymous_22)
FNDA:5,(anonymous_23)
FNDA:1,(anonymous_24)
FNDA:2,(anonymous_25)
FNDA:5,(anonymous_26)
FNDA:2,(anonymous_27)
FNDA:5,(anonymous_28)
FNDA:1,(anonymous_29)
FNDA:2,(anonymous_30)
FNDA:5,(anonymous_31)
FNDA:2,(anonymous_32)
FNDA:5,(anonymous_33)
FNDA:1,(anonymous_34)
FNDA:2,(anonymous_35)
FNDA:8,(anonymous_36)
FNDA:3,(anonymous_37)
FNDA:3,(anonymous_38)
FNDA:9,(anonymous_39)
FNDA:3,(anonymous_40)
FNDA:8,(anonymous_41)
DA:15,1
DA:16,1
DA:43,31
DA:56,1
DA:57,12
DA:60,12
DA:61,37
DA:62,2
DA:67,12
DA:68,37
DA:69,37
DA:71,37
DA:77,7
DA:81,12
DA:82,6
DA:88,6
DA:105,1
DA:106,7
DA:107,7
DA:115,1
DA:116,6
DA:117,6
DA:118,1
DA:124,5
DA:125,4
DA:126,4
DA:129,4
DA:130,1
DA:136,3
DA:137,3
DA:140,3
DA:141,1
DA:148,2
DA:149,2
DA:151,2
DA:152,2
DA:153,2
DA:155,6
DA:158,2
DA:166,2
DA:172,1
DA:196,1
DA:197,6
DA:198,33
DA:199,6
DA:200,3
DA:207,3
DA:208,2
DA:214,1
DA:220,0
DA:231,1
DA:232,1
DA:233,1
DA:239,0
DA:251,1
DA:252,5
DA:253,11
DA:254,5
DA:262,0
DA:269,1
DA:295,1
DA:296,8
DA:298,8
DA:303,8
DA:304,5
DA:308,3
DA:309,15
DA:311,3
DA:312,1
DA:319,2
DA:320,2
DA:321,2
DA:323,2
DA:329,0
DA:342,1
DA:343,2
DA:344,7
DA:345,2
DA:346,1
DA:347,1
DA:353,1
DA:355,0
DA:367,1
DA:368,2
DA:369,6
DA:370,2
DA:371,1
DA:372,1
DA:378,1
DA:380,0
DA:403,1
DA:404,1
DA:405,1
DA:411,0
DA:423,1
DA:424,2
DA:425,2
DA:426,5
DA:428,2
DA:439,0
DA:452,1
DA:453,2
DA:454,2
DA:455,5
DA:457,2
DA:458,1
DA:462,1
DA:468,1
DA:473,0
DA:493,1
DA:494,1
DA:495,1
DA:501,0
DA:513,1
DA:514,2
DA:515,5
DA:516,2
DA:527,0
DA:540,1
DA:541,2
DA:542,2
DA:543,5
DA:545,2
DA:546,1
DA:550,1
DA:556,1
DA:561,0
DA:577,1
DA:578,1
DA:579,1
DA:585,0
DA:597,1
DA:598,2
DA:599,2
DA:600,5
DA:602,2
DA:613,0
DA:626,1
DA:627,2
DA:628,2
DA:629,5
DA:631,2
DA:632,1
DA:636,1
DA:642,1
DA:647,0
DA:667,1
DA:668,1
DA:669,1
DA:675,0
DA:687,1
DA:688,2
DA:689,8
DA:690,2
DA:698,0
DA:710,1
DA:711,3
DA:713,3
DA:719,3
DA:721,2
DA:722,2
DA:723,2
DA:725,2
DA:731,0
DA:744,1
DA:745,3
DA:746,3
DA:747,1
DA:753,9
DA:755,2
DA:756,1
DA:760,1
DA:761,1
DA:764,1
DA:766,1
DA:772,0
DA:784,1
DA:785,3
DA:786,3
DA:787,1
DA:793,8
DA:794,2
DA:795,1
DA:796,1
DA:802,1
DA:804,0
LF:186
LH:166
BRDA:56,0,0,4
BRDA:61,1,0,2
BRDA:61,1,1,35
BRDA:71,2,0,7
BRDA:71,2,1,30
BRDA:72,3,0,37
BRDA:72,3,1,35
BRDA:72,3,2,23
BRDA:72,3,3,23
BRDA:81,4,0,6
BRDA:81,4,1,6
BRDA:117,5,0,1
BRDA:117,5,1,5
BRDA:129,6,0,1
BRDA:129,6,1,3
BRDA:140,7,0,1
BRDA:140,7,1,2
BRDA:160,8,0,2
BRDA:160,8,1,0
BRDA:161,9,0,2
BRDA:161,9,1,0
BRDA:162,10,0,2
BRDA:162,10,1,0
BRDA:163,11,0,2
BRDA:163,11,1,0
BRDA:198,12,0,6
BRDA:198,12,1,3
BRDA:199,13,0,3
BRDA:199,13,1,3
BRDA:207,14,0,2
BRDA:207,14,1,1
BRDA:253,15,0,5
BRDA:253,15,1,2
BRDA:254,16,0,3
BRDA:254,16,1,2
BRDA:303,17,0,5
BRDA:303,17,1,3
BRDA:311,18,0,1
BRDA:311,18,1,2
BRDA:345,19,0,1
BRDA:345,19,1,1
BRDA:370,20,0,1
BRDA:370,20,1,1
BRDA:428,21,0,1
BRDA:428,21,1,1
BRDA:457,22,0,1
BRDA:457,22,1,1
BRDA:516,23,0,1
BRDA:516,23,1,1
BRDA:545,24,0,1
BRDA:545,24,1,1
BRDA:602,25,0,1
BRDA:602,25,1,1
BRDA:631,26,0,1
BRDA:631,26,1,1
BRDA:690,27,0,1
BRDA:690,27,1,1
BRDA:719,28,0,1
BRDA:719,28,1,2
BRDA:746,29,0,1
BRDA:746,29,1,2
BRDA:755,30,0,1
BRDA:755,30,1,1
BRDA:761,31,0,0
BRDA:761,31,1,1
BRDA:786,32,0,1
BRDA:786,32,1,2
BRDA:786,33,0,3
BRDA:786,33,1,2
BRDA:794,34,0,1
BRDA:794,34,1,1
BRF:71
BRH:66
end_of_record
TN:
SF:src\data_base\mockTables.mjs
FNF:0
FNH:0
DA:2,1
DA:30,1
DA:58,1
DA:82,1
DA:110,1
LF:5
LH:5
BRF:0
BRH:0
end_of_record
