TN:
SF:src\data_base\mockDatabase.mjs
FN:47,(anonymous_0)
FN:60,(anonymous_1)
FN:109,(anonymous_2)
FN:119,(anonymous_3)
FN:153,(anonymous_4)
FN:155,(anonymous_5)
FN:157,(anonymous_6)
FN:159,(anonymous_7)
FN:200,(anonymous_8)
FN:202,(anonymous_9)
FN:235,(anonymous_10)
FN:255,(anonymous_11)
FN:257,(anonymous_12)
FN:347,(anonymous_13)
FN:359,(anonymous_14)
FN:456,(anonymous_15)
FN:458,(anonymous_16)
FN:485,(anonymous_17)
FN:487,(anonymous_18)
FN:525,(anonymous_19)
FN:545,(anonymous_20)
FN:548,(anonymous_21)
FN:574,(anonymous_22)
FN:585,(anonymous_23)
FN:630,(anonymous_24)
FN:650,(anonymous_25)
FN:652,(anonymous_26)
FN:677,(anonymous_27)
FN:688,(anonymous_28)
FN:729,(anonymous_29)
FN:749,(anonymous_30)
FN:752,(anonymous_31)
FN:778,(anonymous_32)
FN:789,(anonymous_33)
FN:834,(anonymous_34)
FN:860,(anonymous_35)
FN:871,(anonymous_36)
FN:895,(anonymous_37)
FN:935,(anonymous_38)
FN:951,(anonymous_39)
FN:987,(anonymous_40)
FN:998,(anonymous_41)
FNF:42
FNH:42
FNDA:39,(anonymous_0)
FNDA:22,(anonymous_1)
FNDA:7,(anonymous_2)
FNDA:6,(anonymous_3)
FNDA:2,(anonymous_4)
FNDA:2,(anonymous_5)
FNDA:2,(anonymous_6)
FNDA:6,(anonymous_7)
FNDA:7,(anonymous_8)
FNDA:33,(anonymous_9)
FNDA:2,(anonymous_10)
FNDA:6,(anonymous_11)
FNDA:11,(anonymous_12)
FNDA:11,(anonymous_13)
FNDA:38,(anonymous_14)
FNDA:3,(anonymous_15)
FNDA:9,(anonymous_16)
FNDA:3,(anonymous_17)
FNDA:16,(anonymous_18)
FNDA:1,(anonymous_19)
FNDA:2,(anonymous_20)
FNDA:7,(anonymous_21)
FNDA:2,(anonymous_22)
FNDA:7,(anonymous_23)
FNDA:1,(anonymous_24)
FNDA:2,(anonymous_25)
FNDA:6,(anonymous_26)
FNDA:2,(anonymous_27)
FNDA:6,(anonymous_28)
FNDA:1,(anonymous_29)
FNDA:2,(anonymous_30)
FNDA:6,(anonymous_31)
FNDA:2,(anonymous_32)
FNDA:6,(anonymous_33)
FNDA:1,(anonymous_34)
FNDA:2,(anonymous_35)
FNDA:8,(anonymous_36)
FNDA:3,(anonymous_37)
FNDA:3,(anonymous_38)
FNDA:9,(anonymous_39)
FNDA:3,(anonymous_40)
FNDA:8,(anonymous_41)
DA:19,1
DA:20,1
DA:47,39
DA:60,1
DA:61,22
DA:64,22
DA:65,61
DA:66,5
DA:71,22
DA:72,61
DA:73,61
DA:75,61
DA:81,8
DA:85,22
DA:86,9
DA:92,13
DA:109,1
DA:110,7
DA:111,7
DA:119,1
DA:120,6
DA:121,6
DA:122,1
DA:128,5
DA:129,4
DA:130,4
DA:133,4
DA:134,1
DA:140,3
DA:141,3
DA:144,3
DA:145,1
DA:152,2
DA:153,2
DA:155,2
DA:156,2
DA:157,2
DA:159,6
DA:162,2
DA:170,2
DA:176,1
DA:200,1
DA:201,7
DA:202,33
DA:203,6
DA:204,3
DA:211,3
DA:212,2
DA:218,1
DA:224,1
DA:235,1
DA:236,2
DA:237,2
DA:243,0
DA:255,1
DA:256,6
DA:257,11
DA:258,5
DA:266,1
DA:273,1
DA:347,1
DA:348,11
DA:350,11
DA:355,11
DA:358,6
DA:359,38
DA:361,6
DA:362,1
DA:369,5
DA:372,5
DA:378,5
DA:381,4
DA:386,4
DA:388,2
DA:394,2
DA:397,2
DA:402,2
DA:404,1
DA:409,1
DA:412,1
DA:417,1
DA:419,1
DA:425,1
DA:428,1
DA:431,1
DA:443,1
DA:456,1
DA:457,3
DA:458,9
DA:459,2
DA:460,1
DA:463,1
DA:465,1
DA:471,1
DA:473,1
DA:485,1
DA:486,3
DA:487,16
DA:488,3
DA:489,2
DA:492,1
DA:494,1
DA:500,1
DA:502,1
DA:525,1
DA:526,1
DA:527,1
DA:533,0
DA:545,1
DA:546,2
DA:547,2
DA:548,7
DA:550,2
DA:561,0
DA:574,1
DA:575,2
DA:577,2
DA:578,0
DA:584,2
DA:585,7
DA:588,2
DA:590,1
DA:596,1
DA:598,1
DA:605,1
DA:610,0
DA:630,1
DA:631,1
DA:632,1
DA:638,0
DA:650,1
DA:651,2
DA:652,6
DA:653,2
DA:664,0
DA:677,1
DA:678,2
DA:680,2
DA:681,0
DA:687,2
DA:688,6
DA:691,2
DA:693,1
DA:699,1
DA:701,1
DA:708,1
DA:713,0
DA:729,1
DA:730,1
DA:731,1
DA:737,0
DA:749,1
DA:750,2
DA:751,2
DA:752,6
DA:754,2
DA:765,0
DA:778,1
DA:779,2
DA:781,2
DA:782,0
DA:788,2
DA:789,6
DA:792,2
DA:794,1
DA:800,1
DA:802,1
DA:809,1
DA:814,0
DA:834,1
DA:835,1
DA:837,1
DA:838,0
DA:841,1
DA:847,0
DA:848,0
DA:860,1
DA:861,2
DA:863,2
DA:864,0
DA:871,8
DA:874,2
DA:882,0
DA:883,0
DA:895,1
DA:896,3
DA:898,3
DA:904,3
DA:907,2
DA:910,2
DA:911,2
DA:914,2
DA:916,2
DA:922,0
DA:935,1
DA:936,3
DA:937,3
DA:938,0
DA:944,3
DA:945,1
DA:951,9
DA:953,2
DA:954,1
DA:958,1
DA:959,1
DA:960,1
DA:964,1
DA:967,1
DA:969,1
DA:975,0
DA:987,1
DA:988,3
DA:990,3
DA:991,1
DA:998,8
DA:1001,2
DA:1002,1
DA:1006,1
DA:1009,1
DA:1011,1
DA:1017,0
DA:1018,0
LF:222
LH:198
BRDA:60,0,0,4
BRDA:65,1,0,5
BRDA:65,1,1,56
BRDA:75,2,0,8
BRDA:75,2,1,53
BRDA:76,3,0,61
BRDA:76,3,1,56
BRDA:76,3,2,44
BRDA:76,3,3,44
BRDA:85,4,0,9
BRDA:85,4,1,13
BRDA:121,5,0,1
BRDA:121,5,1,5
BRDA:133,6,0,1
BRDA:133,6,1,3
BRDA:144,7,0,1
BRDA:144,7,1,2
BRDA:164,8,0,2
BRDA:164,8,1,0
BRDA:165,9,0,2
BRDA:165,9,1,0
BRDA:166,10,0,2
BRDA:166,10,1,0
BRDA:167,11,0,2
BRDA:167,11,1,0
BRDA:202,12,0,7
BRDA:202,12,1,3
BRDA:203,13,0,3
BRDA:203,13,1,3
BRDA:211,14,0,2
BRDA:211,14,1,1
BRDA:257,15,0,6
BRDA:257,15,1,2
BRDA:258,16,0,3
BRDA:258,16,1,2
BRDA:355,17,0,5
BRDA:355,17,1,6
BRDA:361,18,0,1
BRDA:361,18,1,5
BRDA:382,19,0,4
BRDA:382,19,1,1
BRDA:386,20,0,2
BRDA:386,20,1,2
BRDA:390,21,0,2
BRDA:390,21,1,0
BRDA:391,22,0,2
BRDA:391,22,1,0
BRDA:392,23,0,2
BRDA:392,23,1,2
BRDA:398,24,0,2
BRDA:398,24,1,0
BRDA:402,25,0,1
BRDA:402,25,1,1
BRDA:406,26,0,1
BRDA:406,26,1,0
BRDA:407,27,0,1
BRDA:407,27,1,0
BRDA:413,28,0,1
BRDA:413,28,1,0
BRDA:417,29,0,0
BRDA:417,29,1,1
BRDA:421,30,0,1
BRDA:421,30,1,0
BRDA:422,31,0,1
BRDA:422,31,1,0
BRDA:423,32,0,1
BRDA:423,32,1,0
BRDA:459,33,0,1
BRDA:459,33,1,1
BRDA:488,34,0,2
BRDA:488,34,1,1
BRDA:550,35,0,1
BRDA:550,35,1,1
BRDA:577,36,0,0
BRDA:577,36,1,2
BRDA:588,37,0,1
BRDA:588,37,1,1
BRDA:653,38,0,1
BRDA:653,38,1,1
BRDA:680,39,0,0
BRDA:680,39,1,2
BRDA:691,40,0,1
BRDA:691,40,1,1
BRDA:754,41,0,1
BRDA:754,41,1,1
BRDA:781,42,0,0
BRDA:781,42,1,2
BRDA:792,43,0,1
BRDA:792,43,1,1
BRDA:837,44,0,0
BRDA:837,44,1,1
BRDA:863,45,0,0
BRDA:863,45,1,2
BRDA:863,46,0,2
BRDA:863,46,1,2
BRDA:874,47,0,1
BRDA:874,47,1,1
BRDA:904,48,0,1
BRDA:904,48,1,2
BRDA:937,49,0,0
BRDA:937,49,1,3
BRDA:937,50,0,3
BRDA:937,50,1,3
BRDA:944,51,0,1
BRDA:944,51,1,2
BRDA:953,52,0,1
BRDA:953,52,1,1
BRDA:960,53,0,0
BRDA:960,53,1,1
BRDA:990,54,0,1
BRDA:990,54,1,2
BRDA:990,55,0,3
BRDA:990,55,1,3
BRDA:990,55,2,3
BRDA:1001,56,0,1
BRDA:1001,56,1,1
BRF:116
BRH:95
end_of_record
TN:
SF:src\data_base\mockTables.mjs
FN:2,(anonymous_0)
FN:8,(anonymous_1)
FN:158,(anonymous_2)
FN:167,(anonymous_3)
FNF:4
FNH:4
FNDA:5,(anonymous_0)
FNDA:55,(anonymous_1)
FNDA:10,(anonymous_2)
FNDA:1,(anonymous_3)
DA:2,1
DA:3,5
DA:4,5
DA:8,1
DA:9,55
DA:13,1
DA:40,1
DA:67,1
DA:90,1
DA:117,1
DA:142,1
DA:143,1
DA:147,1
DA:151,1
DA:155,1
DA:158,1
DA:159,10
DA:160,10
DA:161,10
DA:162,10
DA:163,10
DA:167,1
DA:168,1
DA:169,1
DA:170,1
DA:171,1
DA:172,1
DA:173,1
DA:176,1
DA:177,1
DA:182,1
DA:183,1
DA:188,1
LF:33
LH:33
BRDA:2,0,0,0
BRDA:4,1,0,0
BRDA:4,1,1,5
BRF:3
BRH:1
end_of_record
